2024-07-15 16:00:30.379 [info] Getting Manifest... ms-vscode.live-server
2024-07-15 16:00:30.470 [info] Installing extension: ms-vscode.live-server {"isMachineScoped":false,"installPreReleaseVersion":false,"pinned":false,"profileLocation":{"$mid":1,"external":"vscode-userdata:/home/aditirao/.vscode/extensions/extensions.json","path":"/home/aditirao/.vscode/extensions/extensions.json","scheme":"vscode-userdata"},"installOnlyNewlyAddedFromExtensionPack":true,"isApplicationScoped":false,"productVersion":{"version":"1.91.1","date":"2024-07-09T22:08:12.169Z"}}
2024-07-15 16:00:32.542 [info] Extension signature verification result for ms-vscode.live-server: Success. Executed: true. Duration: 1297ms.
2024-07-15 16:00:32.597 [info] Extracted extension to file:///home/aditirao/.vscode/extensions/ms-vscode.live-server-0.4.14: ms-vscode.live-server
2024-07-15 16:00:32.603 [info] Renamed to /home/aditirao/.vscode/extensions/ms-vscode.live-server-0.4.14
2024-07-15 16:00:32.618 [info] Extension installed successfully: ms-vscode.live-server vscode-userdata:/home/aditirao/.vscode/extensions/extensions.json
2024-07-15 16:00:32.708 [error] [uncaught exception in sharedProcess]: Error: ENOENT: no such file or directory, stat '/home/aditirao/.vscode/extensions/extensions.json.vsctmp': EntryNotFound (FileSystemError): Error: ENOENT: no such file or directory, stat '/home/aditirao/.vscode/extensions/extensions.json.vsctmp'
    at h.create (/usr/share/code/resources/app/out/vs/code/node/sharedProcess/sharedProcessMain.js:54:19262)
    at f (/usr/share/code/resources/app/out/vs/code/node/sharedProcess/sharedProcessMain.js:54:19372)
    at P.hb (/usr/share/code/resources/app/out/vs/code/node/sharedProcess/sharedProcessMain.js:59:36571)
    at P.stat (/usr/share/code/resources/app/out/vs/code/node/sharedProcess/sharedProcessMain.js:59:28919)
    at async s.stat (/usr/share/code/resources/app/out/vs/code/node/sharedProcess/sharedProcessMain.js:59:14907)
    at async V.vb (/usr/share/code/resources/app/out/vs/code/node/sharedProcess/sharedProcessMain.js:105:119283)
2024-07-15 16:01:12.221 [info] Getting Manifest... ritwickdey.liveserver
2024-07-15 16:01:12.228 [info] Installing extension: ritwickdey.liveserver {"isMachineScoped":false,"installPreReleaseVersion":false,"pinned":false,"profileLocation":{"$mid":1,"external":"vscode-userdata:/home/aditirao/.vscode/extensions/extensions.json","path":"/home/aditirao/.vscode/extensions/extensions.json","scheme":"vscode-userdata"},"installOnlyNewlyAddedFromExtensionPack":true,"isApplicationScoped":false,"productVersion":{"version":"1.91.1","date":"2024-07-09T22:08:12.169Z"}}
2024-07-15 16:01:15.140 [info] Extension signature verification result for ritwickdey.liveserver: Success. Executed: true. Duration: 1361ms.
2024-07-15 16:01:18.290 [info] Extracted extension to file:///home/aditirao/.vscode/extensions/ritwickdey.liveserver-5.7.9: ritwickdey.liveserver
2024-07-15 16:01:18.298 [info] Renamed to /home/aditirao/.vscode/extensions/ritwickdey.liveserver-5.7.9
2024-07-15 16:01:18.322 [info] Extension installed successfully: ritwickdey.liveserver vscode-userdata:/home/aditirao/.vscode/extensions/extensions.json
2024-07-15 16:01:18.392 [error] [uncaught exception in sharedProcess]: Error: ENOENT: no such file or directory, stat '/home/aditirao/.vscode/extensions/extensions.json.vsctmp': EntryNotFound (FileSystemError): Error: ENOENT: no such file or directory, stat '/home/aditirao/.vscode/extensions/extensions.json.vsctmp'
    at h.create (/usr/share/code/resources/app/out/vs/code/node/sharedProcess/sharedProcessMain.js:54:19262)
    at f (/usr/share/code/resources/app/out/vs/code/node/sharedProcess/sharedProcessMain.js:54:19372)
    at P.hb (/usr/share/code/resources/app/out/vs/code/node/sharedProcess/sharedProcessMain.js:59:36571)
    at P.stat (/usr/share/code/resources/app/out/vs/code/node/sharedProcess/sharedProcessMain.js:59:28919)
    at async s.stat (/usr/share/code/resources/app/out/vs/code/node/sharedProcess/sharedProcessMain.js:59:14907)
    at async V.vb (/usr/share/code/resources/app/out/vs/code/node/sharedProcess/sharedProcessMain.js:105:119283)
