2024-07-17 09:33:06.179 [info] Log level: Info
2024-07-17 09:33:06.180 [info] Validating found git in: "git"
2024-07-17 09:33:06.180 [info] Using git "2.39.2" from "git"
2024-07-17 09:33:06.180 [info] > git rev-parse --show-toplevel [11ms]
2024-07-17 09:33:06.180 [info] > git rev-parse --git-dir --git-common-dir [266ms]
2024-07-17 09:33:06.180 [info] Open repository: /home/aditirao/projects/web/adr-portfolio
2024-07-17 09:33:06.180 [info] > git fetch [158ms]
2024-07-17 09:33:06.180 [info] > git rev-parse --show-toplevel [16ms]
2024-07-17 09:33:06.180 [info] > git config --get commit.template [22ms]
2024-07-17 09:33:06.195 [info] No remotes found in the git config file.
2024-07-17 09:33:06.211 [info] > git config --get commit.template [35ms]
2024-07-17 09:33:06.217 [info] No remotes found in the git config file.
2024-07-17 09:33:06.220 [info] > git for-each-ref --format=%(refname)%00%(upstream:short)%00%(objectname)%00%(upstream:track)%00%(upstream:remotename)%00%(upstream:remoteref) refs/heads/master refs/remotes/master [26ms]
2024-07-17 09:33:06.224 [info] > git rev-parse --show-toplevel [34ms]
2024-07-17 09:33:06.236 [info] > git for-each-ref --format=%(refname)%00%(upstream:short)%00%(objectname)%00%(upstream:track)%00%(upstream:remotename)%00%(upstream:remoteref) refs/heads/master refs/remotes/master [19ms]
2024-07-17 09:33:06.245 [info] > git config --get commit.template [14ms]
2024-07-17 09:33:06.275 [info] No remotes found in the git config file.
2024-07-17 09:33:06.296 [info] > git for-each-ref --format=%(refname)%00%(upstream:short)%00%(objectname)%00%(upstream:track)%00%(upstream:remotename)%00%(upstream:remoteref) refs/heads/master refs/remotes/master [21ms]
2024-07-17 09:33:06.305 [info] > git status -z -uall [5ms]
2024-07-17 09:33:06.314 [info] > git for-each-ref --format=%(refname)%00%(upstream:short)%00%(objectname)%00%(upstream:track)%00%(upstream:remotename)%00%(upstream:remoteref) refs/heads/master refs/remotes/master [4ms]
2024-07-17 09:33:06.325 [info] > git config --local branch.master.vscode-merge-base [4ms]
2024-07-17 09:33:06.325 [warning] git config failed: Failed to execute git
2024-07-17 09:33:06.351 [info] > git reflog master --grep-reflog=branch: Created from *. [20ms]
2024-07-17 09:33:06.358 [info] > git symbolic-ref --short refs/remotes/origin/HEAD [3ms]
2024-07-17 09:33:06.359 [info] fatal: ref refs/remotes/origin/HEAD is not a symbolic ref
2024-07-17 09:33:06.510 [info] > git check-ignore -v -z --stdin [1ms]
2024-07-17 09:36:17.162 [info] > git fetch [8ms]
2024-07-17 09:36:17.181 [info] No remotes found in the git config file.
2024-07-17 09:36:17.182 [info] > git config --get commit.template [8ms]
2024-07-17 09:36:17.183 [info] > git for-each-ref --format=%(refname)%00%(upstream:short)%00%(objectname)%00%(upstream:track)%00%(upstream:remotename)%00%(upstream:remoteref) refs/heads/master refs/remotes/master [2ms]
2024-07-17 09:36:17.190 [info] > git status -z -uall [3ms]
2024-07-17 09:36:17.198 [info] > git for-each-ref --format=%(refname)%00%(upstream:short)%00%(objectname)%00%(upstream:track)%00%(upstream:remotename)%00%(upstream:remoteref) refs/heads/master refs/remotes/master [2ms]
2024-07-17 09:36:17.206 [info] > git config --local branch.master.vscode-merge-base [1ms]
2024-07-17 09:36:17.206 [warning] git config failed: Failed to execute git
2024-07-17 09:36:17.212 [info] > git reflog master --grep-reflog=branch: Created from *. [1ms]
2024-07-17 09:36:17.217 [info] > git symbolic-ref --short refs/remotes/origin/HEAD [1ms]
2024-07-17 09:36:17.217 [info] fatal: ref refs/remotes/origin/HEAD is not a symbolic ref
2024-07-17 09:36:18.281 [info] No remotes found in the git config file.
2024-07-17 09:36:18.281 [info] > git config --get commit.template [9ms]
2024-07-17 09:36:18.282 [info] > git for-each-ref --format=%(refname)%00%(upstream:short)%00%(objectname)%00%(upstream:track)%00%(upstream:remotename)%00%(upstream:remoteref) refs/heads/master refs/remotes/master [2ms]
2024-07-17 09:36:18.292 [info] > git status -z -uall [2ms]
2024-07-17 09:36:18.302 [info] > git for-each-ref --format=%(refname)%00%(upstream:short)%00%(objectname)%00%(upstream:track)%00%(upstream:remotename)%00%(upstream:remoteref) refs/heads/master refs/remotes/master [3ms]
2024-07-17 09:36:18.311 [info] > git config --local branch.master.vscode-merge-base [1ms]
2024-07-17 09:36:18.311 [warning] git config failed: Failed to execute git
2024-07-17 09:36:18.319 [info] > git reflog master --grep-reflog=branch: Created from *. [1ms]
2024-07-17 09:36:18.326 [info] > git symbolic-ref --short refs/remotes/origin/HEAD [1ms]
2024-07-17 09:36:18.326 [info] fatal: ref refs/remotes/origin/HEAD is not a symbolic ref
2024-07-17 09:36:20.242 [info] > git check-ignore -v -z --stdin [1ms]
2024-07-17 09:36:23.386 [info] > git show --textconv :src/app/page.tsx [52ms]
2024-07-17 09:36:23.391 [info] > git ls-files --stage -- /home/aditirao/projects/web/adr-portfolio/src/app/page.tsx [8ms]
2024-07-17 09:36:23.471 [info] > git cat-file -s 2acfd440d7c9eb66792802a8660bf245a4f5a3ab [22ms]
2024-07-17 09:36:33.692 [info] Log level: Info
2024-07-17 09:36:33.692 [info] Validating found git in: "git"
2024-07-17 09:36:33.692 [info] Using git "2.39.2" from "git"
2024-07-17 09:36:33.692 [info] > git rev-parse --show-toplevel [19ms]
2024-07-17 09:36:33.776 [info] > git rev-parse --git-dir --git-common-dir [54ms]
2024-07-17 09:36:33.806 [info] Open repository: /home/aditirao/projects/web/adr-portfolio
2024-07-17 09:36:33.861 [info] > git rev-parse --show-toplevel [4ms]
2024-07-17 09:36:33.862 [info] > git config --get commit.template [21ms]
2024-07-17 09:36:33.862 [info] > git fetch [57ms]
2024-07-17 09:36:33.911 [info] No remotes found in the git config file.
2024-07-17 09:36:33.913 [info] > git rev-parse --show-toplevel [39ms]
2024-07-17 09:36:33.918 [info] > git config --get commit.template [36ms]
2024-07-17 09:36:33.942 [info] No remotes found in the git config file.
2024-07-17 09:36:33.952 [info] > git rev-parse --show-toplevel [26ms]
2024-07-17 09:36:33.977 [info] > git for-each-ref --format=%(refname)%00%(upstream:short)%00%(objectname)%00%(upstream:track)%00%(upstream:remotename)%00%(upstream:remoteref) refs/heads/master refs/remotes/master [66ms]
2024-07-17 09:36:33.995 [info] > git for-each-ref --format=%(refname)%00%(upstream:short)%00%(objectname)%00%(upstream:track)%00%(upstream:remotename)%00%(upstream:remoteref) refs/heads/master refs/remotes/master [53ms]
2024-07-17 09:36:33.997 [info] > git ls-files --stage -- /home/aditirao/projects/web/adr-portfolio/src/app/page.tsx [20ms]
2024-07-17 09:36:34.012 [info] > git config --get commit.template [18ms]
2024-07-17 09:36:34.871 [info] No remotes found in the git config file.
2024-07-17 09:36:34.879 [info] > git cat-file -s 2acfd440d7c9eb66792802a8660bf245a4f5a3ab [870ms]
2024-07-17 09:36:35.016 [info] > git check-ignore -v -z --stdin [129ms]
2024-07-17 09:36:35.017 [info] > git for-each-ref --format=%(refname)%00%(upstream:short)%00%(objectname)%00%(upstream:track)%00%(upstream:remotename)%00%(upstream:remoteref) refs/heads/master refs/remotes/master [146ms]
2024-07-17 09:36:35.061 [info] > git status -z -uall [38ms]
2024-07-17 09:36:35.061 [info] > git show --textconv :src/app/page.tsx [27ms]
2024-07-17 09:36:35.117 [info] > git for-each-ref --format=%(refname)%00%(upstream:short)%00%(objectname)%00%(upstream:track)%00%(upstream:remotename)%00%(upstream:remoteref) refs/heads/master refs/remotes/master [19ms]
2024-07-17 09:36:35.417 [info] > git ls-files --stage -- /home/aditirao/projects/web/adr-portfolio/src/app/page.tsx [127ms]
2024-07-17 09:36:35.431 [info] > git config --local branch.master.vscode-merge-base [271ms]
2024-07-17 09:36:35.431 [warning] git config failed: Failed to execute git
2024-07-17 09:36:35.442 [info] > git cat-file -s 2acfd440d7c9eb66792802a8660bf245a4f5a3ab [10ms]
2024-07-17 09:36:35.446 [info] > git reflog master --grep-reflog=branch: Created from *. [9ms]
2024-07-17 09:36:35.545 [info] > git show --textconv :src/app/page.tsx [69ms]
2024-07-17 09:36:35.545 [info] > git symbolic-ref --short refs/remotes/origin/HEAD [93ms]
2024-07-17 09:36:35.545 [info] fatal: ref refs/remotes/origin/HEAD is not a symbolic ref
2024-07-17 09:36:42.333 [info] Log level: Info
2024-07-17 09:36:42.333 [info] Validating found git in: "git"
2024-07-17 09:36:42.333 [info] Using git "2.39.2" from "git"
2024-07-17 09:36:42.333 [info] > git rev-parse --show-toplevel [29ms]
2024-07-17 09:36:42.349 [info] > git rev-parse --git-dir --git-common-dir [3ms]
2024-07-17 09:36:42.360 [info] Open repository: /home/aditirao/projects/web/adr-portfolio
2024-07-17 09:36:42.388 [info] > git config --get commit.template [17ms]
2024-07-17 09:36:42.398 [info] No remotes found in the git config file.
2024-07-17 09:36:42.403 [info] > git rev-parse --show-toplevel [25ms]
2024-07-17 09:36:42.460 [info] > git rev-parse --show-toplevel [38ms]
2024-07-17 09:36:42.460 [info] > git for-each-ref --format=%(refname)%00%(upstream:short)%00%(objectname)%00%(upstream:track)%00%(upstream:remotename)%00%(upstream:remoteref) refs/heads/master refs/remotes/master [63ms]
2024-07-17 09:36:42.516 [info] > git status -z -uall [49ms]
2024-07-17 09:36:42.516 [info] > git config --local commit.verbose [33ms]
2024-07-17 09:36:42.516 [warning] git config failed: Failed to execute git
2024-07-17 09:36:42.553 [info] > git rev-parse --show-toplevel [38ms]
2024-07-17 09:36:42.566 [info] > git config --get commit.template [15ms]
2024-07-17 09:36:42.566 [info] > git for-each-ref --format=%(refname)%00%(upstream:short)%00%(objectname)%00%(upstream:track)%00%(upstream:remotename)%00%(upstream:remoteref) refs/heads/master refs/remotes/master [34ms]
2024-07-17 09:36:42.587 [info] > git ls-files --stage -- /home/aditirao/projects/web/adr-portfolio/src/app/page.tsx [24ms]
2024-07-17 09:36:42.619 [info] No remotes found in the git config file.
2024-07-17 09:36:42.623 [info] > git config --local branch.master.vscode-merge-base [47ms]
2024-07-17 09:36:42.623 [warning] git config failed: Failed to execute git
2024-07-17 09:36:42.636 [info] > git reflog master --grep-reflog=branch: Created from *. [3ms]
2024-07-17 09:36:42.651 [info] > git for-each-ref --format=%(refname)%00%(upstream:short)%00%(objectname)%00%(upstream:track)%00%(upstream:remotename)%00%(upstream:remoteref) refs/heads/master refs/remotes/master [33ms]
2024-07-17 09:36:42.669 [info] > git cat-file -s 2acfd440d7c9eb66792802a8660bf245a4f5a3ab [59ms]
2024-07-17 09:36:43.326 [info] > git status -z -uall [656ms]
2024-07-17 09:36:43.349 [info] > git symbolic-ref --short refs/remotes/origin/HEAD [698ms]
2024-07-17 09:36:43.349 [info] fatal: ref refs/remotes/origin/HEAD is not a symbolic ref
2024-07-17 09:36:43.709 [info] > git check-ignore -v -z --stdin [338ms]
2024-07-17 09:36:43.716 [info] > git show --textconv :src/app/page.tsx [328ms]
2024-07-17 09:36:43.723 [info] > git for-each-ref --format=%(refname)%00%(upstream:short)%00%(objectname)%00%(upstream:track)%00%(upstream:remotename)%00%(upstream:remoteref) refs/heads/master refs/remotes/master [376ms]
2024-07-17 09:36:43.757 [info] > git config --local branch.master.vscode-merge-base [18ms]
2024-07-17 09:36:43.757 [warning] git config failed: Failed to execute git
2024-07-17 09:36:43.788 [info] > git reflog master --grep-reflog=branch: Created from *. [25ms]
2024-07-17 09:36:43.815 [info] > git symbolic-ref --short refs/remotes/origin/HEAD [17ms]
2024-07-17 09:36:43.816 [info] fatal: ref refs/remotes/origin/HEAD is not a symbolic ref
2024-07-17 09:37:18.607 [info] > git check-ignore -v -z --stdin [7ms]
2024-07-17 09:37:23.463 [info] > git show --textconv :src/app/page.tsx [20ms]
2024-07-17 09:37:23.473 [info] > git ls-files --stage -- /home/aditirao/projects/web/adr-portfolio/src/app/page.tsx [10ms]
2024-07-17 09:37:23.496 [info] > git cat-file -s 2acfd440d7c9eb66792802a8660bf245a4f5a3ab [2ms]
2024-07-17 09:38:09.579 [info] > git show --textconv :src/app/page.tsx [12ms]
2024-07-17 09:38:09.580 [info] > git ls-files --stage -- /home/aditirao/projects/web/adr-portfolio/src/app/page.tsx [2ms]
2024-07-17 09:38:09.588 [info] > git cat-file -s 2acfd440d7c9eb66792802a8660bf245a4f5a3ab [2ms]
2024-07-17 09:39:00.392 [info] > git check-ignore -v -z --stdin [4ms]
2024-07-17 09:41:35.450 [info] No remotes found in the git config file.
2024-07-17 09:41:35.451 [info] > git config --get commit.template [7ms]
2024-07-17 09:41:35.451 [info] > git for-each-ref --format=%(refname)%00%(upstream:short)%00%(objectname)%00%(upstream:track)%00%(upstream:remotename)%00%(upstream:remoteref) refs/heads/master refs/remotes/master [2ms]
2024-07-17 09:41:35.459 [info] > git status -z -uall [2ms]
2024-07-17 09:41:35.468 [info] > git for-each-ref --format=%(refname)%00%(upstream:short)%00%(objectname)%00%(upstream:track)%00%(upstream:remotename)%00%(upstream:remoteref) refs/heads/master refs/remotes/master [2ms]
2024-07-17 09:41:35.475 [info] > git config --local branch.master.vscode-merge-base [1ms]
2024-07-17 09:41:35.475 [warning] git config failed: Failed to execute git
2024-07-17 09:41:35.482 [info] > git reflog master --grep-reflog=branch: Created from *. [1ms]
2024-07-17 09:41:35.488 [info] > git symbolic-ref --short refs/remotes/origin/HEAD [1ms]
2024-07-17 09:41:35.489 [info] fatal: ref refs/remotes/origin/HEAD is not a symbolic ref
2024-07-17 09:41:40.514 [info] No remotes found in the git config file.
2024-07-17 09:41:40.518 [info] > git for-each-ref --format=%(refname)%00%(upstream:short)%00%(objectname)%00%(upstream:track)%00%(upstream:remotename)%00%(upstream:remoteref) refs/heads/master refs/remotes/master [5ms]
2024-07-17 09:41:40.518 [info] > git config --get commit.template [24ms]
2024-07-17 09:41:40.539 [info] > git status -z -uall [4ms]
2024-07-17 09:41:40.557 [info] > git for-each-ref --format=%(refname)%00%(upstream:short)%00%(objectname)%00%(upstream:track)%00%(upstream:remotename)%00%(upstream:remoteref) refs/heads/master refs/remotes/master [3ms]
2024-07-17 09:41:40.566 [info] > git config --local branch.master.vscode-merge-base [1ms]
2024-07-17 09:41:40.566 [warning] git config failed: Failed to execute git
2024-07-17 09:41:40.573 [info] > git reflog master --grep-reflog=branch: Created from *. [1ms]
2024-07-17 09:41:40.579 [info] > git symbolic-ref --short refs/remotes/origin/HEAD [1ms]
2024-07-17 09:41:40.579 [info] fatal: ref refs/remotes/origin/HEAD is not a symbolic ref
2024-07-17 09:44:11.358 [info] > git check-ignore -v -z --stdin [1ms]
2024-07-17 09:44:12.222 [info] No remotes found in the git config file.
2024-07-17 09:44:12.223 [info] > git config --get commit.template [13ms]
2024-07-17 09:44:12.224 [info] > git for-each-ref --format=%(refname)%00%(upstream:short)%00%(objectname)%00%(upstream:track)%00%(upstream:remotename)%00%(upstream:remoteref) refs/heads/master refs/remotes/master [2ms]
2024-07-17 09:44:12.238 [info] > git status -z -uall [3ms]
2024-07-17 09:44:12.257 [info] > git for-each-ref --format=%(refname)%00%(upstream:short)%00%(objectname)%00%(upstream:track)%00%(upstream:remotename)%00%(upstream:remoteref) refs/heads/master refs/remotes/master [5ms]
2024-07-17 09:44:12.270 [info] > git config --local branch.master.vscode-merge-base [3ms]
2024-07-17 09:44:12.270 [warning] git config failed: Failed to execute git
2024-07-17 09:44:12.277 [info] > git reflog master --grep-reflog=branch: Created from *. [2ms]
2024-07-17 09:44:12.284 [info] > git symbolic-ref --short refs/remotes/origin/HEAD [1ms]
2024-07-17 09:44:12.284 [info] fatal: ref refs/remotes/origin/HEAD is not a symbolic ref
2024-07-17 09:44:17.292 [info] No remotes found in the git config file.
2024-07-17 09:44:17.295 [info] > git config --get commit.template [20ms]
2024-07-17 09:44:17.296 [info] > git for-each-ref --format=%(refname)%00%(upstream:short)%00%(objectname)%00%(upstream:track)%00%(upstream:remotename)%00%(upstream:remoteref) refs/heads/master refs/remotes/master [5ms]
2024-07-17 09:44:17.324 [info] > git status -z -uall [5ms]
2024-07-17 09:44:17.339 [info] > git for-each-ref --format=%(refname)%00%(upstream:short)%00%(objectname)%00%(upstream:track)%00%(upstream:remotename)%00%(upstream:remoteref) refs/heads/master refs/remotes/master [2ms]
2024-07-17 09:44:17.348 [info] > git config --local branch.master.vscode-merge-base [2ms]
2024-07-17 09:44:17.348 [warning] git config failed: Failed to execute git
2024-07-17 09:44:17.355 [info] > git reflog master --grep-reflog=branch: Created from *. [1ms]
2024-07-17 09:44:17.361 [info] > git symbolic-ref --short refs/remotes/origin/HEAD [1ms]
2024-07-17 09:44:17.361 [info] fatal: ref refs/remotes/origin/HEAD is not a symbolic ref
2024-07-17 09:44:22.376 [info] No remotes found in the git config file.
2024-07-17 09:44:22.377 [info] > git config --get commit.template [19ms]
2024-07-17 09:44:22.380 [info] > git for-each-ref --format=%(refname)%00%(upstream:short)%00%(objectname)%00%(upstream:track)%00%(upstream:remotename)%00%(upstream:remoteref) refs/heads/master refs/remotes/master [3ms]
2024-07-17 09:44:22.399 [info] > git status -z -uall [3ms]
2024-07-17 09:44:22.416 [info] > git for-each-ref --format=%(refname)%00%(upstream:short)%00%(objectname)%00%(upstream:track)%00%(upstream:remotename)%00%(upstream:remoteref) refs/heads/master refs/remotes/master [4ms]
2024-07-17 09:44:22.425 [info] > git config --local branch.master.vscode-merge-base [1ms]
2024-07-17 09:44:22.425 [warning] git config failed: Failed to execute git
2024-07-17 09:44:22.433 [info] > git reflog master --grep-reflog=branch: Created from *. [1ms]
2024-07-17 09:44:22.439 [info] > git symbolic-ref --short refs/remotes/origin/HEAD [1ms]
2024-07-17 09:44:22.439 [info] fatal: ref refs/remotes/origin/HEAD is not a symbolic ref
2024-07-17 09:44:32.521 [info] > git check-ignore -v -z --stdin [4ms]
2024-07-17 09:46:40.134 [info] > git show --textconv :src/app/navbar.tsx [12ms]
2024-07-17 09:46:40.140 [info] > git ls-files --stage -- /home/aditirao/projects/web/adr-portfolio/src/app/navbar.tsx [7ms]
2024-07-17 09:46:40.342 [info] > git check-ignore -v -z --stdin [1ms]
2024-07-17 09:46:40.948 [info] No remotes found in the git config file.
2024-07-17 09:46:40.948 [info] > git config --get commit.template [10ms]
2024-07-17 09:46:40.950 [info] > git for-each-ref --format=%(refname)%00%(upstream:short)%00%(objectname)%00%(upstream:track)%00%(upstream:remotename)%00%(upstream:remoteref) refs/heads/master refs/remotes/master [3ms]
2024-07-17 09:46:40.959 [info] > git status -z -uall [2ms]
2024-07-17 09:46:40.970 [info] > git for-each-ref --format=%(refname)%00%(upstream:short)%00%(objectname)%00%(upstream:track)%00%(upstream:remotename)%00%(upstream:remoteref) refs/heads/master refs/remotes/master [3ms]
2024-07-17 09:46:40.980 [info] > git config --local branch.master.vscode-merge-base [2ms]
2024-07-17 09:46:40.980 [warning] git config failed: Failed to execute git
2024-07-17 09:46:40.993 [info] > git reflog master --grep-reflog=branch: Created from *. [3ms]
2024-07-17 09:46:41.004 [info] > git symbolic-ref --short refs/remotes/origin/HEAD [2ms]
2024-07-17 09:46:41.004 [info] fatal: ref refs/remotes/origin/HEAD is not a symbolic ref
2024-07-17 09:46:48.368 [info] > git show --textconv :src/app/page.tsx [10ms]
2024-07-17 09:46:48.370 [info] > git ls-files --stage -- /home/aditirao/projects/web/adr-portfolio/src/app/page.tsx [2ms]
2024-07-17 09:46:48.386 [info] > git cat-file -s 2acfd440d7c9eb66792802a8660bf245a4f5a3ab [5ms]
2024-07-17 09:46:49.260 [info] No remotes found in the git config file.
2024-07-17 09:46:49.264 [info] > git config --get commit.template [35ms]
2024-07-17 09:46:49.266 [info] > git for-each-ref --format=%(refname)%00%(upstream:short)%00%(objectname)%00%(upstream:track)%00%(upstream:remotename)%00%(upstream:remoteref) refs/heads/master refs/remotes/master [6ms]
2024-07-17 09:46:49.281 [info] > git status -z -uall [3ms]
2024-07-17 09:46:49.300 [info] > git for-each-ref --format=%(refname)%00%(upstream:short)%00%(objectname)%00%(upstream:track)%00%(upstream:remotename)%00%(upstream:remoteref) refs/heads/master refs/remotes/master [3ms]
2024-07-17 09:46:49.321 [info] > git config --local branch.master.vscode-merge-base [2ms]
2024-07-17 09:46:49.321 [warning] git config failed: Failed to execute git
2024-07-17 09:46:49.337 [info] > git reflog master --grep-reflog=branch: Created from *. [3ms]
2024-07-17 09:46:49.353 [info] > git symbolic-ref --short refs/remotes/origin/HEAD [2ms]
2024-07-17 09:46:49.353 [info] fatal: ref refs/remotes/origin/HEAD is not a symbolic ref
2024-07-17 09:46:52.157 [info] > git check-ignore -v -z --stdin [4ms]
2024-07-17 09:46:54.329 [info] No remotes found in the git config file.
2024-07-17 09:46:54.330 [info] > git for-each-ref --format=%(refname)%00%(upstream:short)%00%(objectname)%00%(upstream:track)%00%(upstream:remotename)%00%(upstream:remoteref) refs/heads/master refs/remotes/master [1ms]
2024-07-17 09:46:54.330 [info] > git config --get commit.template [8ms]
2024-07-17 09:46:54.338 [info] > git status -z -uall [2ms]
2024-07-17 09:46:54.347 [info] > git for-each-ref --format=%(refname)%00%(upstream:short)%00%(objectname)%00%(upstream:track)%00%(upstream:remotename)%00%(upstream:remoteref) refs/heads/master refs/remotes/master [2ms]
2024-07-17 09:46:54.354 [info] > git config --local branch.master.vscode-merge-base [1ms]
2024-07-17 09:46:54.354 [warning] git config failed: Failed to execute git
2024-07-17 09:46:54.361 [info] > git reflog master --grep-reflog=branch: Created from *. [1ms]
2024-07-17 09:46:54.368 [info] > git symbolic-ref --short refs/remotes/origin/HEAD [1ms]
2024-07-17 09:46:54.368 [info] fatal: ref refs/remotes/origin/HEAD is not a symbolic ref
2024-07-17 09:47:13.236 [info] > git check-ignore -v -z --stdin [1ms]
2024-07-17 09:47:13.854 [info] No remotes found in the git config file.
2024-07-17 09:47:13.856 [info] > git config --get commit.template [27ms]
2024-07-17 09:47:13.857 [info] > git for-each-ref --format=%(refname)%00%(upstream:short)%00%(objectname)%00%(upstream:track)%00%(upstream:remotename)%00%(upstream:remoteref) refs/heads/master refs/remotes/master [3ms]
2024-07-17 09:47:13.875 [info] > git status -z -uall [3ms]
2024-07-17 09:47:13.899 [info] > git for-each-ref --format=%(refname)%00%(upstream:short)%00%(objectname)%00%(upstream:track)%00%(upstream:remotename)%00%(upstream:remoteref) refs/heads/master refs/remotes/master [5ms]
2024-07-17 09:47:13.931 [info] > git config --local branch.master.vscode-merge-base [3ms]
2024-07-17 09:47:13.931 [warning] git config failed: Failed to execute git
2024-07-17 09:47:13.954 [info] > git reflog master --grep-reflog=branch: Created from *. [2ms]
2024-07-17 09:47:13.967 [info] > git symbolic-ref --short refs/remotes/origin/HEAD [1ms]
2024-07-17 09:47:13.967 [info] fatal: ref refs/remotes/origin/HEAD is not a symbolic ref
2024-07-17 09:47:20.476 [info] > git check-ignore -v -z --stdin [2ms]
2024-07-17 09:47:21.060 [info] No remotes found in the git config file.
2024-07-17 09:47:21.061 [info] > git config --get commit.template [13ms]
2024-07-17 09:47:21.061 [info] > git for-each-ref --format=%(refname)%00%(upstream:short)%00%(objectname)%00%(upstream:track)%00%(upstream:remotename)%00%(upstream:remoteref) refs/heads/master refs/remotes/master [1ms]
2024-07-17 09:47:21.073 [info] > git status -z -uall [3ms]
2024-07-17 09:47:21.086 [info] > git for-each-ref --format=%(refname)%00%(upstream:short)%00%(objectname)%00%(upstream:track)%00%(upstream:remotename)%00%(upstream:remoteref) refs/heads/master refs/remotes/master [2ms]
2024-07-17 09:47:21.099 [info] > git config --local branch.master.vscode-merge-base [2ms]
2024-07-17 09:47:21.099 [warning] git config failed: Failed to execute git
2024-07-17 09:47:21.111 [info] > git reflog master --grep-reflog=branch: Created from *. [2ms]
2024-07-17 09:47:21.120 [info] > git symbolic-ref --short refs/remotes/origin/HEAD [1ms]
2024-07-17 09:47:21.120 [info] fatal: ref refs/remotes/origin/HEAD is not a symbolic ref
2024-07-17 09:47:28.596 [info] > git check-ignore -v -z --stdin [6ms]
2024-07-17 09:47:29.192 [info] No remotes found in the git config file.
2024-07-17 09:47:29.194 [info] > git config --get commit.template [35ms]
2024-07-17 09:47:29.196 [info] > git for-each-ref --format=%(refname)%00%(upstream:short)%00%(objectname)%00%(upstream:track)%00%(upstream:remotename)%00%(upstream:remoteref) refs/heads/master refs/remotes/master [5ms]
2024-07-17 09:47:29.234 [info] > git status -z -uall [7ms]
2024-07-17 09:47:29.267 [info] > git for-each-ref --format=%(refname)%00%(upstream:short)%00%(objectname)%00%(upstream:track)%00%(upstream:remotename)%00%(upstream:remoteref) refs/heads/master refs/remotes/master [4ms]
2024-07-17 09:47:29.281 [info] > git config --local branch.master.vscode-merge-base [2ms]
2024-07-17 09:47:29.281 [warning] git config failed: Failed to execute git
2024-07-17 09:47:29.294 [info] > git reflog master --grep-reflog=branch: Created from *. [2ms]
2024-07-17 09:47:29.306 [info] > git symbolic-ref --short refs/remotes/origin/HEAD [1ms]
2024-07-17 09:47:29.306 [info] fatal: ref refs/remotes/origin/HEAD is not a symbolic ref
2024-07-17 09:48:05.580 [info] > git check-ignore -v -z --stdin [5ms]
2024-07-17 09:48:06.167 [info] No remotes found in the git config file.
2024-07-17 09:48:06.169 [info] > git config --get commit.template [25ms]
2024-07-17 09:48:06.171 [info] > git for-each-ref --format=%(refname)%00%(upstream:short)%00%(objectname)%00%(upstream:track)%00%(upstream:remotename)%00%(upstream:remoteref) refs/heads/master refs/remotes/master [4ms]
2024-07-17 09:48:06.196 [info] > git status -z -uall [4ms]
2024-07-17 09:48:06.213 [info] > git for-each-ref --format=%(refname)%00%(upstream:short)%00%(objectname)%00%(upstream:track)%00%(upstream:remotename)%00%(upstream:remoteref) refs/heads/master refs/remotes/master [2ms]
2024-07-17 09:48:06.227 [info] > git config --local branch.master.vscode-merge-base [1ms]
2024-07-17 09:48:06.227 [warning] git config failed: Failed to execute git
2024-07-17 09:48:06.236 [info] > git reflog master --grep-reflog=branch: Created from *. [1ms]
2024-07-17 09:48:06.245 [info] > git symbolic-ref --short refs/remotes/origin/HEAD [2ms]
2024-07-17 09:48:06.245 [info] fatal: ref refs/remotes/origin/HEAD is not a symbolic ref
2024-07-17 09:51:37.015 [info] > git check-ignore -v -z --stdin [6ms]
2024-07-17 09:51:37.598 [info] No remotes found in the git config file.
2024-07-17 09:51:37.599 [info] > git config --get commit.template [21ms]
2024-07-17 09:51:37.601 [info] > git for-each-ref --format=%(refname)%00%(upstream:short)%00%(objectname)%00%(upstream:track)%00%(upstream:remotename)%00%(upstream:remoteref) refs/heads/master refs/remotes/master [3ms]
2024-07-17 09:51:37.613 [info] > git status -z -uall [2ms]
2024-07-17 09:51:37.623 [info] > git for-each-ref --format=%(refname)%00%(upstream:short)%00%(objectname)%00%(upstream:track)%00%(upstream:remotename)%00%(upstream:remoteref) refs/heads/master refs/remotes/master [2ms]
2024-07-17 09:51:37.632 [info] > git config --local branch.master.vscode-merge-base [1ms]
2024-07-17 09:51:37.632 [warning] git config failed: Failed to execute git
2024-07-17 09:51:37.640 [info] > git reflog master --grep-reflog=branch: Created from *. [1ms]
2024-07-17 09:51:37.648 [info] > git symbolic-ref --short refs/remotes/origin/HEAD [1ms]
2024-07-17 09:51:37.648 [info] fatal: ref refs/remotes/origin/HEAD is not a symbolic ref
2024-07-17 09:53:20.662 [info] > git for-each-ref --format=%(refname)%00%(upstream:short)%00%(objectname)%00%(upstream:track)%00%(upstream:remotename)%00%(upstream:remoteref) refs/heads/master [1ms]
2024-07-17 09:53:20.673 [info] > git for-each-ref --format=%(refname)%00%(upstream:short)%00%(objectname)%00%(upstream:track)%00%(upstream:remotename)%00%(upstream:remoteref) refs/heads/master [2ms]
2024-07-17 09:53:20.684 [info] > git config --local branch.master.vscode-merge-base [1ms]
2024-07-17 09:53:20.684 [warning] git config failed: Failed to execute git
2024-07-17 09:53:20.695 [info] > git reflog refs/heads/master --grep-reflog=branch: Created from *. [1ms]
2024-07-17 09:53:20.704 [info] > git symbolic-ref --short refs/remotes/origin/HEAD [1ms]
2024-07-17 09:53:20.704 [info] fatal: ref refs/remotes/origin/HEAD is not a symbolic ref
2024-07-17 09:53:20.704 [info] GitHistoryProvider:resolveHistoryItemGroupUpstreamOrBase - Failed to resolve history item group base for 'refs/heads/master'
2024-07-17 09:53:20.704 [info] GitHistoryProvider:resolveHistoryItemGroupCommonAncestor - Failed to resolve history item group base for 'refs/heads/master'
2024-07-17 09:53:20.798 [info] > git config --local commit.verbose [14ms]
2024-07-17 09:53:20.798 [warning] git config failed: Failed to execute git
2024-07-17 09:53:20.803 [info] > git config --local commit.verbose [6ms]
2024-07-17 09:53:20.803 [warning] git config failed: Failed to execute git
2024-07-17 09:53:20.823 [info] > git for-each-ref --format=%(refname)%00%(upstream:short)%00%(objectname)%00%(upstream:track)%00%(upstream:remotename)%00%(upstream:remoteref) refs/heads/master [3ms]
2024-07-17 09:53:20.839 [info] > git for-each-ref --format=%(refname)%00%(upstream:short)%00%(objectname)%00%(upstream:track)%00%(upstream:remotename)%00%(upstream:remoteref) refs/heads/master [4ms]
2024-07-17 09:53:20.858 [info] > git config --local branch.master.vscode-merge-base [6ms]
2024-07-17 09:53:20.858 [warning] git config failed: Failed to execute git
2024-07-17 09:53:20.875 [info] > git reflog refs/heads/master --grep-reflog=branch: Created from *. [3ms]
2024-07-17 09:53:20.889 [info] > git symbolic-ref --short refs/remotes/origin/HEAD [2ms]
2024-07-17 09:53:20.889 [info] fatal: ref refs/remotes/origin/HEAD is not a symbolic ref
2024-07-17 09:53:20.889 [info] GitHistoryProvider:resolveHistoryItemGroupUpstreamOrBase - Failed to resolve history item group base for 'refs/heads/master'
2024-07-17 09:53:20.889 [info] GitHistoryProvider:resolveHistoryItemGroupCommonAncestor - Failed to resolve history item group base for 'refs/heads/master'
2024-07-17 09:53:21.345 [info] > git check-ignore -v -z --stdin [4ms]
2024-07-17 09:55:31.327 [info] > git diff --cached [2ms]
2024-07-17 09:55:31.345 [info] > git diff [7ms]
2024-07-17 09:55:31.358 [info] > git log --format=%H%n%aN%n%aE%n%at%n%ct%n%P%n%D%n%B -z -n10 [1ms]
2024-07-17 09:55:31.368 [info] > git config --local user.name [1ms]
2024-07-17 09:55:31.368 [warning] git config failed: Failed to execute git
2024-07-17 09:55:31.380 [info] > git log --format=%H%n%aN%n%aE%n%at%n%ct%n%P%n%D%n%B -z -n10 [2ms]
2024-07-17 09:55:33.065 [info] > git config --local commit.verbose [2ms]
2024-07-17 09:55:33.065 [warning] git config failed: Failed to execute git
2024-07-17 09:55:43.480 [info] > git add -A -- . [14ms]
2024-07-17 09:55:43.508 [info] No remotes found in the git config file.
2024-07-17 09:55:43.509 [info] > git config --get commit.template [16ms]
2024-07-17 09:55:43.510 [info] > git for-each-ref --format=%(refname)%00%(upstream:short)%00%(objectname)%00%(upstream:track)%00%(upstream:remotename)%00%(upstream:remoteref) refs/heads/master refs/remotes/master [2ms]
2024-07-17 09:55:43.530 [info] > git status -z -uall [5ms]
2024-07-17 09:55:43.587 [info] > git for-each-ref --format=%(refname)%00%(upstream:short)%00%(objectname)%00%(upstream:track)%00%(upstream:remotename)%00%(upstream:remoteref) refs/heads/master refs/remotes/master [40ms]
2024-07-17 09:55:43.623 [info] > git config --local branch.master.vscode-merge-base [21ms]
2024-07-17 09:55:43.623 [warning] git config failed: Failed to execute git
2024-07-17 09:55:43.654 [info] > git reflog master --grep-reflog=branch: Created from *. [15ms]
2024-07-17 09:55:43.667 [info] > git -c user.useConfigOnly=true commit --quiet --allow-empty-message --file - [85ms]
2024-07-17 09:55:43.667 [info] > git for-each-ref --format=%(refname)%00%(upstream:short)%00%(objectname)%00%(upstream:track)%00%(upstream:remotename)%00%(upstream:remoteref) refs/heads/master [47ms]
2024-07-17 09:55:43.698 [info] > git symbolic-ref --short refs/remotes/origin/HEAD [31ms]
2024-07-17 09:55:43.698 [info] fatal: ref refs/remotes/origin/HEAD is not a symbolic ref
2024-07-17 09:55:43.699 [info] > git for-each-ref --format=%(refname)%00%(upstream:short)%00%(objectname)%00%(upstream:track)%00%(upstream:remotename)%00%(upstream:remoteref) refs/heads/master [17ms]
2024-07-17 09:55:43.722 [info] > git config --get commit.template [25ms]
2024-07-17 09:55:43.768 [info] > git config --local branch.master.vscode-merge-base [47ms]
2024-07-17 09:55:43.768 [warning] git config failed: Failed to execute git
2024-07-17 09:55:43.827 [info] > git reflog refs/heads/master --grep-reflog=branch: Created from *. [24ms]
2024-07-17 09:55:43.844 [info] > git config --get commit.template [82ms]
2024-07-17 09:55:43.876 [info] No remotes found in the git config file.
2024-07-17 09:55:43.876 [info] > git config --local commit.verbose [50ms]
2024-07-17 09:55:43.876 [warning] git config failed: Failed to execute git
2024-07-17 09:55:43.887 [info] > git symbolic-ref --short refs/remotes/origin/HEAD [42ms]
2024-07-17 09:55:43.887 [info] fatal: ref refs/remotes/origin/HEAD is not a symbolic ref
2024-07-17 09:55:43.887 [info] GitHistoryProvider:resolveHistoryItemGroupUpstreamOrBase - Failed to resolve history item group base for 'refs/heads/master'
2024-07-17 09:55:43.887 [info] GitHistoryProvider:resolveHistoryItemGroupCommonAncestor - Failed to resolve history item group base for 'refs/heads/master'
2024-07-17 09:55:43.912 [info] > git for-each-ref --format=%(refname)%00%(upstream:short)%00%(objectname)%00%(upstream:track)%00%(upstream:remotename)%00%(upstream:remoteref) refs/heads/master refs/remotes/master [36ms]
2024-07-17 09:55:43.928 [info] > git status -z -uall [3ms]
2024-07-17 09:55:44.000 [info] > git show -s --format=%H%n%aN%n%aE%n%at%n%ct%n%P%n%D%n%B -z 10e2be37d083ab7d37f50591e45f12a7541bd860 [37ms]
2024-07-17 09:55:44.002 [info] > git for-each-ref --format=%(refname)%00%(upstream:short)%00%(objectname)%00%(upstream:track)%00%(upstream:remotename)%00%(upstream:remoteref) refs/heads/master refs/remotes/master [61ms]
2024-07-17 09:55:44.017 [info] > git config --local branch.master.vscode-merge-base [2ms]
2024-07-17 09:55:44.017 [warning] git config failed: Failed to execute git
2024-07-17 09:55:44.029 [info] > git for-each-ref --format=%(refname)%00%(upstream:short)%00%(objectname)%00%(upstream:track)%00%(upstream:remotename)%00%(upstream:remoteref) refs/heads/master [30ms]
2024-07-17 09:55:44.044 [info] > git reflog master --grep-reflog=branch: Created from *. [15ms]
2024-07-17 09:55:44.078 [info] > git for-each-ref --format=%(refname)%00%(upstream:short)%00%(objectname)%00%(upstream:track)%00%(upstream:remotename)%00%(upstream:remoteref) refs/heads/master [37ms]
2024-07-17 09:55:44.091 [info] > git config --get commit.template [15ms]
2024-07-17 09:55:44.092 [info] > git symbolic-ref --short refs/remotes/origin/HEAD [39ms]
2024-07-17 09:55:44.092 [info] fatal: ref refs/remotes/origin/HEAD is not a symbolic ref
2024-07-17 09:55:44.093 [info] > git config --local branch.master.vscode-merge-base [3ms]
2024-07-17 09:55:44.093 [warning] git config failed: Failed to execute git
2024-07-17 09:55:44.114 [info] No remotes found in the git config file.
2024-07-17 09:55:44.114 [info] > git reflog refs/heads/master --grep-reflog=branch: Created from *. [13ms]
2024-07-17 09:55:44.128 [info] > git for-each-ref --format=%(refname)%00%(upstream:short)%00%(objectname)%00%(upstream:track)%00%(upstream:remotename)%00%(upstream:remoteref) refs/heads/master refs/remotes/master [14ms]
2024-07-17 09:55:44.140 [info] > git symbolic-ref --short refs/remotes/origin/HEAD [13ms]
2024-07-17 09:55:44.141 [info] fatal: ref refs/remotes/origin/HEAD is not a symbolic ref
2024-07-17 09:55:44.141 [info] GitHistoryProvider:resolveHistoryItemGroupUpstreamOrBase - Failed to resolve history item group base for 'refs/heads/master'
2024-07-17 09:55:44.141 [info] GitHistoryProvider:resolveHistoryItemGroupCommonAncestor - Failed to resolve history item group base for 'refs/heads/master'
2024-07-17 09:55:44.144 [info] > git status -z -uall [4ms]
2024-07-17 09:55:44.180 [info] > git for-each-ref --format=%(refname)%00%(upstream:short)%00%(objectname)%00%(upstream:track)%00%(upstream:remotename)%00%(upstream:remoteref) refs/heads/master refs/remotes/master [22ms]
2024-07-17 09:55:44.198 [info] > git for-each-ref --format=%(refname)%00%(upstream:short)%00%(objectname)%00%(upstream:track)%00%(upstream:remotename)%00%(upstream:remoteref) refs/heads/master [19ms]
2024-07-17 09:55:44.213 [info] > git config --local branch.master.vscode-merge-base [16ms]
2024-07-17 09:55:44.213 [warning] git config failed: Failed to execute git
2024-07-17 09:55:44.248 [info] > git reflog master --grep-reflog=branch: Created from *. [22ms]
2024-07-17 09:55:44.278 [info] > git for-each-ref --format=%(refname)%00%(upstream:short)%00%(objectname)%00%(upstream:track)%00%(upstream:remotename)%00%(upstream:remoteref) refs/heads/master [66ms]
2024-07-17 09:55:44.300 [info] > git config --local branch.master.vscode-merge-base [3ms]
2024-07-17 09:55:44.300 [warning] git config failed: Failed to execute git
2024-07-17 09:55:44.317 [info] > git symbolic-ref --short refs/remotes/origin/HEAD [40ms]
2024-07-17 09:55:44.317 [info] fatal: ref refs/remotes/origin/HEAD is not a symbolic ref
2024-07-17 09:55:44.319 [info] > git reflog refs/heads/master --grep-reflog=branch: Created from *. [3ms]
2024-07-17 09:55:44.332 [info] > git symbolic-ref --short refs/remotes/origin/HEAD [2ms]
2024-07-17 09:55:44.332 [info] fatal: ref refs/remotes/origin/HEAD is not a symbolic ref
2024-07-17 09:55:44.332 [info] GitHistoryProvider:resolveHistoryItemGroupUpstreamOrBase - Failed to resolve history item group base for 'refs/heads/master'
2024-07-17 09:55:44.332 [info] GitHistoryProvider:resolveHistoryItemGroupCommonAncestor - Failed to resolve history item group base for 'refs/heads/master'
2024-07-17 09:55:44.358 [info] > git for-each-ref --format=%(refname)%00%(upstream:short)%00%(objectname)%00%(upstream:track)%00%(upstream:remotename)%00%(upstream:remoteref) refs/heads/master [4ms]
2024-07-17 09:55:44.372 [info] > git for-each-ref --format=%(refname)%00%(upstream:short)%00%(objectname)%00%(upstream:track)%00%(upstream:remotename)%00%(upstream:remoteref) refs/heads/master [3ms]
2024-07-17 09:55:44.386 [info] > git config --local branch.master.vscode-merge-base [3ms]
2024-07-17 09:55:44.386 [warning] git config failed: Failed to execute git
2024-07-17 09:55:44.398 [info] > git reflog refs/heads/master --grep-reflog=branch: Created from *. [1ms]
2024-07-17 09:55:44.411 [info] > git symbolic-ref --short refs/remotes/origin/HEAD [1ms]
2024-07-17 09:55:44.411 [info] fatal: ref refs/remotes/origin/HEAD is not a symbolic ref
2024-07-17 09:55:44.411 [info] GitHistoryProvider:resolveHistoryItemGroupUpstreamOrBase - Failed to resolve history item group base for 'refs/heads/master'
2024-07-17 09:55:44.411 [info] GitHistoryProvider:resolveHistoryItemGroupCommonAncestor - Failed to resolve history item group base for 'refs/heads/master'
2024-07-17 09:55:44.976 [info] > git ls-files --stage -- /home/aditirao/projects/web/adr-portfolio/src/app/page.tsx [4ms]
2024-07-17 09:55:45.000 [info] > git cat-file -s 94e01fa0d176558f0d82623f763db4624f7984ed [5ms]
2024-07-17 09:55:45.031 [info] > git show --textconv :src/app/page.tsx [4ms]
2024-07-17 09:55:45.934 [info] > git config --get commit.template [5ms]
2024-07-17 09:55:45.950 [info] No remotes found in the git config file.
2024-07-17 09:55:45.951 [info] > git for-each-ref --format=%(refname)%00%(upstream:short)%00%(objectname)%00%(upstream:track)%00%(upstream:remotename)%00%(upstream:remoteref) refs/heads/master refs/remotes/master [2ms]
2024-07-17 09:55:45.963 [info] > git status -z -uall [2ms]
2024-07-17 09:55:45.975 [info] > git for-each-ref --format=%(refname)%00%(upstream:short)%00%(objectname)%00%(upstream:track)%00%(upstream:remotename)%00%(upstream:remoteref) refs/heads/master refs/remotes/master [2ms]
2024-07-17 09:55:45.984 [info] > git config --local branch.master.vscode-merge-base [2ms]
2024-07-17 09:55:45.984 [warning] git config failed: Failed to execute git
2024-07-17 09:55:45.994 [info] > git reflog master --grep-reflog=branch: Created from *. [1ms]
2024-07-17 09:55:46.016 [info] > git symbolic-ref --short refs/remotes/origin/HEAD [13ms]
2024-07-17 09:55:46.016 [info] fatal: ref refs/remotes/origin/HEAD is not a symbolic ref
2024-07-17 09:55:54.118 [info] > git for-each-ref --format=%(refname)%00%(upstream:short)%00%(objectname)%00%(upstream:track)%00%(upstream:remotename)%00%(upstream:remoteref) refs/heads/master [1ms]
2024-07-17 09:55:54.130 [info] > git for-each-ref --format=%(refname)%00%(upstream:short)%00%(objectname)%00%(upstream:track)%00%(upstream:remotename)%00%(upstream:remoteref) refs/heads/master [1ms]
2024-07-17 09:55:54.141 [info] > git config --local branch.master.vscode-merge-base [1ms]
2024-07-17 09:55:54.141 [warning] git config failed: Failed to execute git
2024-07-17 09:55:54.151 [info] > git reflog refs/heads/master --grep-reflog=branch: Created from *. [2ms]
2024-07-17 09:55:54.160 [info] > git symbolic-ref --short refs/remotes/origin/HEAD [1ms]
2024-07-17 09:55:54.161 [info] fatal: ref refs/remotes/origin/HEAD is not a symbolic ref
2024-07-17 09:55:54.161 [info] GitHistoryProvider:resolveHistoryItemGroupUpstreamOrBase - Failed to resolve history item group base for 'refs/heads/master'
2024-07-17 09:55:54.161 [info] GitHistoryProvider:resolveHistoryItemGroupCommonAncestor - Failed to resolve history item group base for 'refs/heads/master'
2024-07-17 09:56:41.374 [info] > git show --textconv :src/app/navbar/page.tsx [11ms]
2024-07-17 09:56:41.376 [info] > git ls-files --stage -- /home/aditirao/projects/web/adr-portfolio/src/app/navbar/page.tsx [2ms]
2024-07-17 09:56:41.512 [info] > git check-ignore -v -z --stdin [1ms]
2024-07-17 09:56:42.476 [info] No remotes found in the git config file.
2024-07-17 09:56:42.478 [info] > git config --get commit.template [23ms]
2024-07-17 09:56:42.480 [info] > git for-each-ref --format=%(refname)%00%(upstream:short)%00%(objectname)%00%(upstream:track)%00%(upstream:remotename)%00%(upstream:remoteref) refs/heads/master refs/remotes/master [4ms]
2024-07-17 09:56:42.505 [info] > git status -z -uall [5ms]
2024-07-17 09:56:42.538 [info] > git for-each-ref --format=%(refname)%00%(upstream:short)%00%(objectname)%00%(upstream:track)%00%(upstream:remotename)%00%(upstream:remoteref) refs/heads/master refs/remotes/master [7ms]
2024-07-17 09:56:42.549 [info] > git config --local branch.master.vscode-merge-base [1ms]
2024-07-17 09:56:42.549 [warning] git config failed: Failed to execute git
2024-07-17 09:56:42.560 [info] > git reflog master --grep-reflog=branch: Created from *. [2ms]
2024-07-17 09:56:42.569 [info] > git symbolic-ref --short refs/remotes/origin/HEAD [1ms]
2024-07-17 09:56:42.569 [info] fatal: ref refs/remotes/origin/HEAD is not a symbolic ref
2024-07-17 09:58:31.653 [info] > git show --textconv :src/app/content [10ms]
2024-07-17 09:58:31.654 [info] > git ls-files --stage -- /home/aditirao/projects/web/adr-portfolio/src/app/content [1ms]
2024-07-17 09:58:31.919 [info] > git check-ignore -v -z --stdin [7ms]
2024-07-17 09:58:32.832 [info] No remotes found in the git config file.
2024-07-17 09:58:32.833 [info] > git config --get commit.template [25ms]
2024-07-17 09:58:32.834 [info] > git for-each-ref --format=%(refname)%00%(upstream:short)%00%(objectname)%00%(upstream:track)%00%(upstream:remotename)%00%(upstream:remoteref) refs/heads/master refs/remotes/master [5ms]
2024-07-17 09:58:32.859 [info] > git status -z -uall [5ms]
2024-07-17 09:58:32.882 [info] > git for-each-ref --format=%(refname)%00%(upstream:short)%00%(objectname)%00%(upstream:track)%00%(upstream:remotename)%00%(upstream:remoteref) refs/heads/master refs/remotes/master [3ms]
2024-07-17 09:58:32.897 [info] > git config --local branch.master.vscode-merge-base [2ms]
2024-07-17 09:58:32.897 [warning] git config failed: Failed to execute git
2024-07-17 09:58:32.909 [info] > git reflog master --grep-reflog=branch: Created from *. [2ms]
2024-07-17 09:58:32.919 [info] > git symbolic-ref --short refs/remotes/origin/HEAD [1ms]
2024-07-17 09:58:32.919 [info] fatal: ref refs/remotes/origin/HEAD is not a symbolic ref
2024-07-17 09:58:38.389 [info] > git show --textconv :src/app/navbar/page.tsx [10ms]
2024-07-17 09:58:38.390 [info] > git ls-files --stage -- /home/aditirao/projects/web/adr-portfolio/src/app/navbar/page.tsx [2ms]
2024-07-17 09:58:39.476 [info] > git config --get commit.template [4ms]
2024-07-17 09:58:39.503 [info] No remotes found in the git config file.
2024-07-17 09:58:39.508 [info] > git for-each-ref --format=%(refname)%00%(upstream:short)%00%(objectname)%00%(upstream:track)%00%(upstream:remotename)%00%(upstream:remoteref) refs/heads/master refs/remotes/master [5ms]
2024-07-17 09:58:39.540 [info] > git status -z -uall [7ms]
2024-07-17 09:58:39.575 [info] > git for-each-ref --format=%(refname)%00%(upstream:short)%00%(objectname)%00%(upstream:track)%00%(upstream:remotename)%00%(upstream:remoteref) refs/heads/master refs/remotes/master [7ms]
2024-07-17 09:58:39.605 [info] > git config --local branch.master.vscode-merge-base [4ms]
2024-07-17 09:58:39.605 [warning] git config failed: Failed to execute git
2024-07-17 09:58:39.622 [info] > git reflog master --grep-reflog=branch: Created from *. [4ms]
2024-07-17 09:58:39.637 [info] > git symbolic-ref --short refs/remotes/origin/HEAD [1ms]
2024-07-17 09:58:39.637 [info] fatal: ref refs/remotes/origin/HEAD is not a symbolic ref
2024-07-17 10:00:59.272 [info] > git check-ignore -v -z --stdin [4ms]
2024-07-17 10:01:00.154 [info] No remotes found in the git config file.
2024-07-17 10:01:00.155 [info] > git config --get commit.template [21ms]
2024-07-17 10:01:00.157 [info] > git for-each-ref --format=%(refname)%00%(upstream:short)%00%(objectname)%00%(upstream:track)%00%(upstream:remotename)%00%(upstream:remoteref) refs/heads/master refs/remotes/master [4ms]
2024-07-17 10:01:00.180 [info] > git status -z -uall [5ms]
2024-07-17 10:01:00.207 [info] > git for-each-ref --format=%(refname)%00%(upstream:short)%00%(objectname)%00%(upstream:track)%00%(upstream:remotename)%00%(upstream:remoteref) refs/heads/master refs/remotes/master [8ms]
2024-07-17 10:01:00.222 [info] > git config --local branch.master.vscode-merge-base [1ms]
2024-07-17 10:01:00.223 [warning] git config failed: Failed to execute git
2024-07-17 10:01:00.232 [info] > git reflog master --grep-reflog=branch: Created from *. [2ms]
2024-07-17 10:01:00.239 [info] > git symbolic-ref --short refs/remotes/origin/HEAD [1ms]
2024-07-17 10:01:00.239 [info] fatal: ref refs/remotes/origin/HEAD is not a symbolic ref
2024-07-17 10:01:10.572 [info] > git show --textconv :src/utils/getNavItems.ts [20ms]
2024-07-17 10:01:10.572 [info] > git ls-files --stage -- /home/aditirao/projects/web/adr-portfolio/src/utils/getNavItems.ts [7ms]
2024-07-17 10:01:10.745 [info] > git check-ignore -v -z --stdin [7ms]
2024-07-17 10:01:11.588 [info] No remotes found in the git config file.
2024-07-17 10:01:11.601 [info] > git config --get commit.template [13ms]
2024-07-17 10:01:11.602 [info] > git for-each-ref --format=%(refname)%00%(upstream:short)%00%(objectname)%00%(upstream:track)%00%(upstream:remotename)%00%(upstream:remoteref) refs/heads/master refs/remotes/master [2ms]
2024-07-17 10:01:11.615 [info] > git status -z -uall [3ms]
2024-07-17 10:01:11.630 [info] > git for-each-ref --format=%(refname)%00%(upstream:short)%00%(objectname)%00%(upstream:track)%00%(upstream:remotename)%00%(upstream:remoteref) refs/heads/master refs/remotes/master [3ms]
2024-07-17 10:01:11.639 [info] > git config --local branch.master.vscode-merge-base [0ms]
2024-07-17 10:01:11.639 [warning] git config failed: Failed to execute git
2024-07-17 10:01:11.646 [info] > git reflog master --grep-reflog=branch: Created from *. [1ms]
2024-07-17 10:01:11.654 [info] > git symbolic-ref --short refs/remotes/origin/HEAD [1ms]
2024-07-17 10:01:11.654 [info] fatal: ref refs/remotes/origin/HEAD is not a symbolic ref
2024-07-17 10:02:00.151 [info] > git show --textconv :src/components/Navbar.tsx [14ms]
2024-07-17 10:02:00.153 [info] > git ls-files --stage -- /home/aditirao/projects/web/adr-portfolio/src/components/Navbar.tsx [4ms]
2024-07-17 10:02:00.307 [info] > git check-ignore -v -z --stdin [1ms]
2024-07-17 10:02:01.251 [info] No remotes found in the git config file.
2024-07-17 10:02:01.251 [info] > git config --get commit.template [11ms]
2024-07-17 10:02:01.252 [info] > git for-each-ref --format=%(refname)%00%(upstream:short)%00%(objectname)%00%(upstream:track)%00%(upstream:remotename)%00%(upstream:remoteref) refs/heads/master refs/remotes/master [1ms]
2024-07-17 10:02:01.262 [info] > git status -z -uall [2ms]
2024-07-17 10:02:01.272 [info] > git for-each-ref --format=%(refname)%00%(upstream:short)%00%(objectname)%00%(upstream:track)%00%(upstream:remotename)%00%(upstream:remoteref) refs/heads/master refs/remotes/master [2ms]
2024-07-17 10:02:01.282 [info] > git config --local branch.master.vscode-merge-base [1ms]
2024-07-17 10:02:01.283 [warning] git config failed: Failed to execute git
2024-07-17 10:02:01.293 [info] > git reflog master --grep-reflog=branch: Created from *. [2ms]
2024-07-17 10:02:01.302 [info] > git symbolic-ref --short refs/remotes/origin/HEAD [1ms]
2024-07-17 10:02:01.302 [info] fatal: ref refs/remotes/origin/HEAD is not a symbolic ref
2024-07-17 10:02:21.138 [info] > git show --textconv :src/app/navbar/page.tsx [13ms]
2024-07-17 10:02:21.139 [info] > git ls-files --stage -- /home/aditirao/projects/web/adr-portfolio/src/app/navbar/page.tsx [1ms]
2024-07-17 10:02:47.149 [info] > git show --textconv :src/app/page.tsx [21ms]
2024-07-17 10:02:47.160 [info] > git ls-files --stage -- /home/aditirao/projects/web/adr-portfolio/src/app/page.tsx [13ms]
2024-07-17 10:02:47.175 [info] > git cat-file -s 94e01fa0d176558f0d82623f763db4624f7984ed [2ms]
2024-07-17 10:03:26.058 [info] No remotes found in the git config file.
2024-07-17 10:03:26.060 [info] > git config --get commit.template [14ms]
2024-07-17 10:03:26.062 [info] > git for-each-ref --format=%(refname)%00%(upstream:short)%00%(objectname)%00%(upstream:track)%00%(upstream:remotename)%00%(upstream:remoteref) refs/heads/master refs/remotes/master [4ms]
2024-07-17 10:03:26.075 [info] > git status -z -uall [2ms]
2024-07-17 10:03:26.090 [info] > git for-each-ref --format=%(refname)%00%(upstream:short)%00%(objectname)%00%(upstream:track)%00%(upstream:remotename)%00%(upstream:remoteref) refs/heads/master refs/remotes/master [2ms]
2024-07-17 10:03:26.104 [info] > git config --local branch.master.vscode-merge-base [2ms]
2024-07-17 10:03:26.104 [warning] git config failed: Failed to execute git
2024-07-17 10:03:26.118 [info] > git reflog master --grep-reflog=branch: Created from *. [3ms]
2024-07-17 10:03:26.128 [info] > git symbolic-ref --short refs/remotes/origin/HEAD [1ms]
2024-07-17 10:03:26.128 [info] fatal: ref refs/remotes/origin/HEAD is not a symbolic ref
2024-07-17 10:03:31.103 [info] No remotes found in the git config file.
2024-07-17 10:03:31.113 [info] > git config --get commit.template [11ms]
2024-07-17 10:03:31.114 [info] > git for-each-ref --format=%(refname)%00%(upstream:short)%00%(objectname)%00%(upstream:track)%00%(upstream:remotename)%00%(upstream:remoteref) refs/heads/master refs/remotes/master [1ms]
2024-07-17 10:03:31.127 [info] > git status -z -uall [2ms]
2024-07-17 10:03:31.140 [info] > git for-each-ref --format=%(refname)%00%(upstream:short)%00%(objectname)%00%(upstream:track)%00%(upstream:remotename)%00%(upstream:remoteref) refs/heads/master refs/remotes/master [2ms]
2024-07-17 10:03:31.152 [info] > git config --local branch.master.vscode-merge-base [3ms]
2024-07-17 10:03:31.152 [warning] git config failed: Failed to execute git
2024-07-17 10:03:31.162 [info] > git reflog master --grep-reflog=branch: Created from *. [2ms]
2024-07-17 10:03:31.174 [info] > git symbolic-ref --short refs/remotes/origin/HEAD [2ms]
2024-07-17 10:03:31.174 [info] fatal: ref refs/remotes/origin/HEAD is not a symbolic ref
2024-07-17 10:04:29.615 [info] > git show --textconv :src/utils/getNavItems.ts [10ms]
2024-07-17 10:04:29.617 [info] > git ls-files --stage -- /home/aditirao/projects/web/adr-portfolio/src/utils/getNavItems.ts [3ms]
2024-07-17 10:04:40.764 [info] > git show --textconv :package.json [15ms]
2024-07-17 10:04:40.803 [info] > git ls-files --stage -- /home/aditirao/projects/web/adr-portfolio/package.json [35ms]
2024-07-17 10:04:40.850 [info] > git cat-file -s 728ccab9134e0444bb1733fc30a363b08eaf37e7 [30ms]
2024-07-17 10:05:05.375 [info] No remotes found in the git config file.
2024-07-17 10:05:05.376 [info] > git config --get commit.template [26ms]
2024-07-17 10:05:05.378 [info] > git for-each-ref --format=%(refname)%00%(upstream:short)%00%(objectname)%00%(upstream:track)%00%(upstream:remotename)%00%(upstream:remoteref) refs/heads/master refs/remotes/master [3ms]
2024-07-17 10:05:05.401 [info] > git status -z -uall [3ms]
2024-07-17 10:05:05.419 [info] > git for-each-ref --format=%(refname)%00%(upstream:short)%00%(objectname)%00%(upstream:track)%00%(upstream:remotename)%00%(upstream:remoteref) refs/heads/master refs/remotes/master [3ms]
2024-07-17 10:05:05.433 [info] > git config --local branch.master.vscode-merge-base [2ms]
2024-07-17 10:05:05.433 [warning] git config failed: Failed to execute git
2024-07-17 10:05:05.442 [info] > git reflog master --grep-reflog=branch: Created from *. [1ms]
2024-07-17 10:05:05.451 [info] > git symbolic-ref --short refs/remotes/origin/HEAD [1ms]
2024-07-17 10:05:05.451 [info] fatal: ref refs/remotes/origin/HEAD is not a symbolic ref
2024-07-17 10:05:11.996 [info] > git show --textconv :src/components/Navbar.tsx [16ms]
2024-07-17 10:05:11.998 [info] > git ls-files --stage -- /home/aditirao/projects/web/adr-portfolio/src/components/Navbar.tsx [2ms]
2024-07-17 10:05:27.526 [info] > git show --textconv :src/app/navbar/page.tsx [35ms]
2024-07-17 10:05:27.531 [info] > git ls-files --stage -- /home/aditirao/projects/web/adr-portfolio/src/app/navbar/page.tsx [6ms]
2024-07-17 10:05:28.869 [info] > git show --textconv :src/app/page.tsx [42ms]
2024-07-17 10:05:28.870 [info] > git ls-files --stage -- /home/aditirao/projects/web/adr-portfolio/src/app/page.tsx [10ms]
2024-07-17 10:05:28.887 [info] > git cat-file -s 94e01fa0d176558f0d82623f763db4624f7984ed [2ms]
2024-07-17 10:05:34.236 [info] No remotes found in the git config file.
2024-07-17 10:05:34.237 [info] > git config --get commit.template [14ms]
2024-07-17 10:05:34.238 [info] > git for-each-ref --format=%(refname)%00%(upstream:short)%00%(objectname)%00%(upstream:track)%00%(upstream:remotename)%00%(upstream:remoteref) refs/heads/master refs/remotes/master [3ms]
2024-07-17 10:05:34.251 [info] > git status -z -uall [3ms]
2024-07-17 10:05:34.274 [info] > git for-each-ref --format=%(refname)%00%(upstream:short)%00%(objectname)%00%(upstream:track)%00%(upstream:remotename)%00%(upstream:remoteref) refs/heads/master refs/remotes/master [10ms]
2024-07-17 10:05:34.291 [info] > git config --local branch.master.vscode-merge-base [2ms]
2024-07-17 10:05:34.291 [warning] git config failed: Failed to execute git
2024-07-17 10:05:34.309 [info] > git reflog master --grep-reflog=branch: Created from *. [2ms]
2024-07-17 10:05:34.326 [info] > git symbolic-ref --short refs/remotes/origin/HEAD [3ms]
2024-07-17 10:05:34.326 [info] fatal: ref refs/remotes/origin/HEAD is not a symbolic ref
2024-07-17 10:06:03.954 [info] > git show --textconv :src/components/Navbar.tsx [38ms]
2024-07-17 10:06:03.971 [info] > git ls-files --stage -- /home/aditirao/projects/web/adr-portfolio/src/components/Navbar.tsx [19ms]
2024-07-17 10:06:10.013 [info] No remotes found in the git config file.
2024-07-17 10:06:10.014 [info] > git config --get commit.template [17ms]
2024-07-17 10:06:10.016 [info] > git for-each-ref --format=%(refname)%00%(upstream:short)%00%(objectname)%00%(upstream:track)%00%(upstream:remotename)%00%(upstream:remoteref) refs/heads/master refs/remotes/master [3ms]
2024-07-17 10:06:10.031 [info] > git status -z -uall [2ms]
2024-07-17 10:06:10.046 [info] > git for-each-ref --format=%(refname)%00%(upstream:short)%00%(objectname)%00%(upstream:track)%00%(upstream:remotename)%00%(upstream:remoteref) refs/heads/master refs/remotes/master [3ms]
2024-07-17 10:06:10.060 [info] > git config --local branch.master.vscode-merge-base [1ms]
2024-07-17 10:06:10.060 [warning] git config failed: Failed to execute git
2024-07-17 10:06:10.071 [info] > git reflog master --grep-reflog=branch: Created from *. [2ms]
2024-07-17 10:06:10.085 [info] > git symbolic-ref --short refs/remotes/origin/HEAD [2ms]
2024-07-17 10:06:10.085 [info] fatal: ref refs/remotes/origin/HEAD is not a symbolic ref
2024-07-17 10:06:19.910 [info] No remotes found in the git config file.
2024-07-17 10:06:19.912 [info] > git config --get commit.template [27ms]
2024-07-17 10:06:19.913 [info] > git for-each-ref --format=%(refname)%00%(upstream:short)%00%(objectname)%00%(upstream:track)%00%(upstream:remotename)%00%(upstream:remoteref) refs/heads/master refs/remotes/master [3ms]
2024-07-17 10:06:19.928 [info] > git status -z -uall [2ms]
2024-07-17 10:06:19.945 [info] > git for-each-ref --format=%(refname)%00%(upstream:short)%00%(objectname)%00%(upstream:track)%00%(upstream:remotename)%00%(upstream:remoteref) refs/heads/master refs/remotes/master [5ms]
2024-07-17 10:06:19.957 [info] > git config --local branch.master.vscode-merge-base [1ms]
2024-07-17 10:06:19.957 [warning] git config failed: Failed to execute git
2024-07-17 10:06:19.971 [info] > git reflog master --grep-reflog=branch: Created from *. [2ms]
2024-07-17 10:06:19.981 [info] > git symbolic-ref --short refs/remotes/origin/HEAD [2ms]
2024-07-17 10:06:19.981 [info] fatal: ref refs/remotes/origin/HEAD is not a symbolic ref
2024-07-17 10:06:24.958 [info] No remotes found in the git config file.
2024-07-17 10:06:24.958 [info] > git config --get commit.template [8ms]
2024-07-17 10:06:24.959 [info] > git for-each-ref --format=%(refname)%00%(upstream:short)%00%(objectname)%00%(upstream:track)%00%(upstream:remotename)%00%(upstream:remoteref) refs/heads/master refs/remotes/master [1ms]
2024-07-17 10:06:24.969 [info] > git status -z -uall [1ms]
2024-07-17 10:06:24.980 [info] > git for-each-ref --format=%(refname)%00%(upstream:short)%00%(objectname)%00%(upstream:track)%00%(upstream:remotename)%00%(upstream:remoteref) refs/heads/master refs/remotes/master [2ms]
2024-07-17 10:06:24.990 [info] > git config --local branch.master.vscode-merge-base [1ms]
2024-07-17 10:06:24.990 [warning] git config failed: Failed to execute git
2024-07-17 10:06:25.001 [info] > git reflog master --grep-reflog=branch: Created from *. [1ms]
2024-07-17 10:06:25.011 [info] > git symbolic-ref --short refs/remotes/origin/HEAD [1ms]
2024-07-17 10:06:25.011 [info] fatal: ref refs/remotes/origin/HEAD is not a symbolic ref
2024-07-17 10:08:17.139 [info] > git show --textconv :src/utils/getNavItems.ts [25ms]
2024-07-17 10:08:17.148 [info] > git ls-files --stage -- /home/aditirao/projects/web/adr-portfolio/src/utils/getNavItems.ts [10ms]
2024-07-17 10:08:32.635 [info] > git check-ignore -v -z --stdin [2ms]
2024-07-17 10:08:32.782 [info] > git show --textconv :src/utils/getNavItems.js [17ms]
2024-07-17 10:08:32.783 [info] > git ls-files --stage -- /home/aditirao/projects/web/adr-portfolio/src/utils/getNavItems.js [2ms]
2024-07-17 10:08:35.917 [info] > git config --get commit.template [10ms]
2024-07-17 10:08:35.949 [info] No remotes found in the git config file.
2024-07-17 10:08:35.954 [info] > git for-each-ref --format=%(refname)%00%(upstream:short)%00%(objectname)%00%(upstream:track)%00%(upstream:remotename)%00%(upstream:remoteref) refs/heads/master refs/remotes/master [5ms]
2024-07-17 10:08:35.979 [info] > git status -z -uall [5ms]
2024-07-17 10:08:36.009 [info] > git for-each-ref --format=%(refname)%00%(upstream:short)%00%(objectname)%00%(upstream:track)%00%(upstream:remotename)%00%(upstream:remoteref) refs/heads/master refs/remotes/master [7ms]
2024-07-17 10:08:36.040 [info] > git config --local branch.master.vscode-merge-base [12ms]
2024-07-17 10:08:36.040 [warning] git config failed: Failed to execute git
2024-07-17 10:08:36.059 [info] > git reflog master --grep-reflog=branch: Created from *. [2ms]
2024-07-17 10:08:36.075 [info] > git symbolic-ref --short refs/remotes/origin/HEAD [1ms]
2024-07-17 10:08:36.075 [info] fatal: ref refs/remotes/origin/HEAD is not a symbolic ref
2024-07-17 10:08:41.901 [info] > git config --get commit.template [3ms]
2024-07-17 10:08:41.917 [info] No remotes found in the git config file.
2024-07-17 10:08:41.918 [info] > git for-each-ref --format=%(refname)%00%(upstream:short)%00%(objectname)%00%(upstream:track)%00%(upstream:remotename)%00%(upstream:remoteref) refs/heads/master refs/remotes/master [1ms]
2024-07-17 10:08:41.932 [info] > git status -z -uall [2ms]
2024-07-17 10:08:41.949 [info] > git for-each-ref --format=%(refname)%00%(upstream:short)%00%(objectname)%00%(upstream:track)%00%(upstream:remotename)%00%(upstream:remoteref) refs/heads/master refs/remotes/master [2ms]
2024-07-17 10:08:41.965 [info] > git config --local branch.master.vscode-merge-base [4ms]
2024-07-17 10:08:41.965 [warning] git config failed: Failed to execute git
2024-07-17 10:08:41.980 [info] > git reflog master --grep-reflog=branch: Created from *. [1ms]
2024-07-17 10:08:41.995 [info] > git symbolic-ref --short refs/remotes/origin/HEAD [2ms]
2024-07-17 10:08:41.995 [info] fatal: ref refs/remotes/origin/HEAD is not a symbolic ref
2024-07-17 10:08:43.714 [info] > git show --textconv :package.json [23ms]
2024-07-17 10:08:43.714 [info] > git ls-files --stage -- /home/aditirao/projects/web/adr-portfolio/package.json [3ms]
2024-07-17 10:08:43.726 [info] > git cat-file -s 728ccab9134e0444bb1733fc30a363b08eaf37e7 [1ms]
2024-07-17 10:08:59.046 [info] No remotes found in the git config file.
2024-07-17 10:08:59.065 [info] > git config --get commit.template [21ms]
2024-07-17 10:08:59.071 [info] > git for-each-ref --format=%(refname)%00%(upstream:short)%00%(objectname)%00%(upstream:track)%00%(upstream:remotename)%00%(upstream:remoteref) refs/heads/master refs/remotes/master [8ms]
2024-07-17 10:08:59.092 [info] > git status -z -uall [2ms]
2024-07-17 10:08:59.112 [info] > git for-each-ref --format=%(refname)%00%(upstream:short)%00%(objectname)%00%(upstream:track)%00%(upstream:remotename)%00%(upstream:remoteref) refs/heads/master refs/remotes/master [3ms]
2024-07-17 10:08:59.128 [info] > git config --local branch.master.vscode-merge-base [2ms]
2024-07-17 10:08:59.128 [warning] git config failed: Failed to execute git
2024-07-17 10:08:59.145 [info] > git reflog master --grep-reflog=branch: Created from *. [2ms]
2024-07-17 10:08:59.161 [info] > git symbolic-ref --short refs/remotes/origin/HEAD [2ms]
2024-07-17 10:08:59.161 [info] fatal: ref refs/remotes/origin/HEAD is not a symbolic ref
2024-07-17 10:09:00.436 [info] > git show --textconv :src/components/Navbar.tsx [31ms]
2024-07-17 10:09:00.450 [info] > git ls-files --stage -- /home/aditirao/projects/web/adr-portfolio/src/components/Navbar.tsx [14ms]
2024-07-17 10:09:08.094 [info] > git show --textconv :src/app/navbar/page.tsx [15ms]
2024-07-17 10:09:08.095 [info] > git ls-files --stage -- /home/aditirao/projects/web/adr-portfolio/src/app/navbar/page.tsx [3ms]
2024-07-17 10:09:10.433 [info] > git show --textconv :src/app/page.tsx [17ms]
2024-07-17 10:09:10.434 [info] > git ls-files --stage -- /home/aditirao/projects/web/adr-portfolio/src/app/page.tsx [5ms]
2024-07-17 10:09:10.449 [info] > git cat-file -s 94e01fa0d176558f0d82623f763db4624f7984ed [2ms]
2024-07-17 10:09:14.010 [info] No remotes found in the git config file.
2024-07-17 10:09:14.010 [info] > git config --get commit.template [16ms]
2024-07-17 10:09:14.012 [info] > git for-each-ref --format=%(refname)%00%(upstream:short)%00%(objectname)%00%(upstream:track)%00%(upstream:remotename)%00%(upstream:remoteref) refs/heads/master refs/remotes/master [3ms]
2024-07-17 10:09:14.026 [info] > git status -z -uall [3ms]
2024-07-17 10:09:14.041 [info] > git for-each-ref --format=%(refname)%00%(upstream:short)%00%(objectname)%00%(upstream:track)%00%(upstream:remotename)%00%(upstream:remoteref) refs/heads/master refs/remotes/master [3ms]
2024-07-17 10:09:14.055 [info] > git config --local branch.master.vscode-merge-base [2ms]
2024-07-17 10:09:14.055 [warning] git config failed: Failed to execute git
2024-07-17 10:09:14.070 [info] > git reflog master --grep-reflog=branch: Created from *. [3ms]
2024-07-17 10:09:14.083 [info] > git symbolic-ref --short refs/remotes/origin/HEAD [2ms]
2024-07-17 10:09:14.083 [info] fatal: ref refs/remotes/origin/HEAD is not a symbolic ref
2024-07-17 10:09:31.521 [info] > git show --textconv :package.json [13ms]
2024-07-17 10:09:31.525 [info] > git ls-files --stage -- /home/aditirao/projects/web/adr-portfolio/package.json [4ms]
2024-07-17 10:09:31.537 [info] > git cat-file -s 728ccab9134e0444bb1733fc30a363b08eaf37e7 [1ms]
2024-07-17 10:09:37.976 [info] > git show --textconv :src/app/page.tsx [14ms]
2024-07-17 10:09:37.977 [info] > git ls-files --stage -- /home/aditirao/projects/web/adr-portfolio/src/app/page.tsx [5ms]
2024-07-17 10:09:37.989 [info] > git cat-file -s 94e01fa0d176558f0d82623f763db4624f7984ed [2ms]
2024-07-17 10:09:49.631 [info] > git show --textconv :package.json [12ms]
2024-07-17 10:09:49.633 [info] > git ls-files --stage -- /home/aditirao/projects/web/adr-portfolio/package.json [2ms]
2024-07-17 10:09:49.649 [info] > git cat-file -s 728ccab9134e0444bb1733fc30a363b08eaf37e7 [5ms]
2024-07-17 10:09:52.097 [info] > git show --textconv :src/app/page.tsx [16ms]
2024-07-17 10:09:52.098 [info] > git ls-files --stage -- /home/aditirao/projects/web/adr-portfolio/src/app/page.tsx [2ms]
2024-07-17 10:09:52.132 [info] > git cat-file -s 94e01fa0d176558f0d82623f763db4624f7984ed [13ms]
2024-07-17 10:10:19.609 [info] > git for-each-ref --format=%(refname)%00%(upstream:short)%00%(objectname)%00%(upstream:track)%00%(upstream:remotename)%00%(upstream:remoteref) refs/heads/master [2ms]
2024-07-17 10:10:19.622 [info] > git for-each-ref --format=%(refname)%00%(upstream:short)%00%(objectname)%00%(upstream:track)%00%(upstream:remotename)%00%(upstream:remoteref) refs/heads/master [2ms]
2024-07-17 10:10:19.635 [info] > git config --local branch.master.vscode-merge-base [2ms]
2024-07-17 10:10:19.635 [warning] git config failed: Failed to execute git
2024-07-17 10:10:19.646 [info] > git reflog refs/heads/master --grep-reflog=branch: Created from *. [2ms]
2024-07-17 10:10:19.657 [info] > git symbolic-ref --short refs/remotes/origin/HEAD [1ms]
2024-07-17 10:10:19.657 [info] fatal: ref refs/remotes/origin/HEAD is not a symbolic ref
2024-07-17 10:10:19.657 [info] GitHistoryProvider:resolveHistoryItemGroupUpstreamOrBase - Failed to resolve history item group base for 'refs/heads/master'
2024-07-17 10:10:19.657 [info] GitHistoryProvider:resolveHistoryItemGroupCommonAncestor - Failed to resolve history item group base for 'refs/heads/master'
2024-07-17 10:10:19.689 [info] > git for-each-ref --format=%(refname)%00%(upstream:short)%00%(objectname)%00%(upstream:track)%00%(upstream:remotename)%00%(upstream:remoteref) refs/heads/master [2ms]
2024-07-17 10:10:19.703 [info] > git for-each-ref --format=%(refname)%00%(upstream:short)%00%(objectname)%00%(upstream:track)%00%(upstream:remotename)%00%(upstream:remoteref) refs/heads/master [1ms]
2024-07-17 10:10:19.713 [info] > git config --local branch.master.vscode-merge-base [1ms]
2024-07-17 10:10:19.713 [warning] git config failed: Failed to execute git
2024-07-17 10:10:19.726 [info] > git reflog refs/heads/master --grep-reflog=branch: Created from *. [2ms]
2024-07-17 10:10:19.738 [info] > git symbolic-ref --short refs/remotes/origin/HEAD [1ms]
2024-07-17 10:10:19.738 [info] fatal: ref refs/remotes/origin/HEAD is not a symbolic ref
2024-07-17 10:10:19.738 [info] GitHistoryProvider:resolveHistoryItemGroupUpstreamOrBase - Failed to resolve history item group base for 'refs/heads/master'
2024-07-17 10:10:19.738 [info] GitHistoryProvider:resolveHistoryItemGroupCommonAncestor - Failed to resolve history item group base for 'refs/heads/master'
2024-07-17 10:10:27.363 [info] > git show --textconv HEAD:src/app/navbar/page.tsx [12ms]
2024-07-17 10:10:27.375 [info] > git ls-tree -l HEAD -- /home/aditirao/projects/web/adr-portfolio/src/app/navbar/page.tsx [12ms]
2024-07-17 10:10:29.955 [info] > git show --textconv :src/app/page.tsx [12ms]
2024-07-17 10:10:29.956 [info] > git ls-files --stage -- /home/aditirao/projects/web/adr-portfolio/src/app/page.tsx [1ms]
2024-07-17 10:10:29.972 [info] > git cat-file -s 94e01fa0d176558f0d82623f763db4624f7984ed [4ms]
2024-07-17 10:10:36.136 [info] > git clean -f -q -- /home/aditirao/projects/web/adr-portfolio/src/app/navbar/page.tsx [1ms]
2024-07-17 10:10:36.154 [info] > git checkout -q [2ms]
2024-07-17 10:10:36.186 [info] > git config --get commit.template [17ms]
2024-07-17 10:10:36.186 [info] > git for-each-ref --format=%(refname)%00%(upstream:short)%00%(objectname)%00%(upstream:track)%00%(upstream:remotename)%00%(upstream:remoteref) refs/heads/master [3ms]
2024-07-17 10:10:36.220 [info] No remotes found in the git config file.
2024-07-17 10:10:36.221 [info] > git for-each-ref --format=%(refname)%00%(upstream:short)%00%(objectname)%00%(upstream:track)%00%(upstream:remotename)%00%(upstream:remoteref) refs/heads/master [19ms]
2024-07-17 10:10:36.234 [info] > git config --local branch.master.vscode-merge-base [2ms]
2024-07-17 10:10:36.234 [warning] git config failed: Failed to execute git
2024-07-17 10:10:36.249 [info] > git for-each-ref --format=%(refname)%00%(upstream:short)%00%(objectname)%00%(upstream:track)%00%(upstream:remotename)%00%(upstream:remoteref) refs/heads/master refs/remotes/master [29ms]
2024-07-17 10:10:36.267 [info] > git status -z -uall [4ms]
2024-07-17 10:10:36.285 [info] > git reflog refs/heads/master --grep-reflog=branch: Created from *. [36ms]
2024-07-17 10:10:36.309 [info] > git for-each-ref --format=%(refname)%00%(upstream:short)%00%(objectname)%00%(upstream:track)%00%(upstream:remotename)%00%(upstream:remoteref) refs/heads/master refs/remotes/master [25ms]
2024-07-17 10:10:36.338 [info] > git config --local branch.master.vscode-merge-base [11ms]
2024-07-17 10:10:36.338 [warning] git config failed: Failed to execute git
2024-07-17 10:10:36.355 [info] > git symbolic-ref --short refs/remotes/origin/HEAD [51ms]
2024-07-17 10:10:36.355 [info] fatal: ref refs/remotes/origin/HEAD is not a symbolic ref
2024-07-17 10:10:36.355 [info] GitHistoryProvider:resolveHistoryItemGroupUpstreamOrBase - Failed to resolve history item group base for 'refs/heads/master'
2024-07-17 10:10:36.355 [info] GitHistoryProvider:resolveHistoryItemGroupCommonAncestor - Failed to resolve history item group base for 'refs/heads/master'
2024-07-17 10:10:36.360 [info] > git reflog master --grep-reflog=branch: Created from *. [6ms]
2024-07-17 10:10:36.394 [info] > git for-each-ref --format=%(refname)%00%(upstream:short)%00%(objectname)%00%(upstream:track)%00%(upstream:remotename)%00%(upstream:remoteref) refs/heads/master [2ms]
2024-07-17 10:10:36.410 [info] > git symbolic-ref --short refs/remotes/origin/HEAD [37ms]
2024-07-17 10:10:36.410 [info] fatal: ref refs/remotes/origin/HEAD is not a symbolic ref
2024-07-17 10:10:36.412 [info] > git for-each-ref --format=%(refname)%00%(upstream:short)%00%(objectname)%00%(upstream:track)%00%(upstream:remotename)%00%(upstream:remoteref) refs/heads/master [2ms]
2024-07-17 10:10:36.431 [info] > git config --local branch.master.vscode-merge-base [4ms]
2024-07-17 10:10:36.431 [warning] git config failed: Failed to execute git
2024-07-17 10:10:36.449 [info] > git reflog refs/heads/master --grep-reflog=branch: Created from *. [3ms]
2024-07-17 10:10:36.469 [info] > git symbolic-ref --short refs/remotes/origin/HEAD [1ms]
2024-07-17 10:10:36.469 [info] fatal: ref refs/remotes/origin/HEAD is not a symbolic ref
2024-07-17 10:10:36.469 [info] GitHistoryProvider:resolveHistoryItemGroupUpstreamOrBase - Failed to resolve history item group base for 'refs/heads/master'
2024-07-17 10:10:36.469 [info] GitHistoryProvider:resolveHistoryItemGroupCommonAncestor - Failed to resolve history item group base for 'refs/heads/master'
2024-07-17 10:10:37.349 [info] > git ls-files --stage -- /home/aditirao/projects/web/adr-portfolio/src/app/page.tsx [2ms]
2024-07-17 10:10:37.365 [info] > git cat-file -s 94e01fa0d176558f0d82623f763db4624f7984ed [3ms]
2024-07-17 10:10:37.386 [info] > git show --textconv :src/app/page.tsx [3ms]
2024-07-17 10:10:37.614 [info] > git show --textconv HEAD:src/components/Navbar.tsx [15ms]
2024-07-17 10:10:37.617 [info] > git ls-tree -l HEAD -- /home/aditirao/projects/web/adr-portfolio/src/components/Navbar.tsx [4ms]
2024-07-17 10:10:38.381 [info] > git config --get commit.template [6ms]
2024-07-17 10:10:38.417 [info] No remotes found in the git config file.
2024-07-17 10:10:38.424 [info] > git for-each-ref --format=%(refname)%00%(upstream:short)%00%(objectname)%00%(upstream:track)%00%(upstream:remotename)%00%(upstream:remoteref) refs/heads/master refs/remotes/master [7ms]
2024-07-17 10:10:38.444 [info] > git status -z -uall [4ms]
2024-07-17 10:10:38.467 [info] > git for-each-ref --format=%(refname)%00%(upstream:short)%00%(objectname)%00%(upstream:track)%00%(upstream:remotename)%00%(upstream:remoteref) refs/heads/master refs/remotes/master [5ms]
2024-07-17 10:10:38.507 [info] > git config --local branch.master.vscode-merge-base [3ms]
2024-07-17 10:10:38.507 [warning] git config failed: Failed to execute git
2024-07-17 10:10:38.544 [info] > git reflog master --grep-reflog=branch: Created from *. [2ms]
2024-07-17 10:10:38.579 [info] > git symbolic-ref --short refs/remotes/origin/HEAD [10ms]
2024-07-17 10:10:38.579 [info] fatal: ref refs/remotes/origin/HEAD is not a symbolic ref
2024-07-17 10:10:42.066 [info] > git clean -f -q -- /home/aditirao/projects/web/adr-portfolio/src/components/Navbar.tsx [22ms]
2024-07-17 10:10:42.090 [info] > git ls-tree -l HEAD -- /home/aditirao/projects/web/adr-portfolio/src/components/Navbar.tsx [25ms]
2024-07-17 10:10:42.096 [info] > git checkout -q [9ms]
2024-07-17 10:10:42.168 [info] > git config --get commit.template [37ms]
2024-07-17 10:10:42.195 [info] No remotes found in the git config file.
2024-07-17 10:10:42.196 [info] > git for-each-ref --format=%(refname)%00%(upstream:short)%00%(objectname)%00%(upstream:track)%00%(upstream:remotename)%00%(upstream:remoteref) refs/heads/master [30ms]
2024-07-17 10:10:42.230 [info] > git for-each-ref --format=%(refname)%00%(upstream:short)%00%(objectname)%00%(upstream:track)%00%(upstream:remotename)%00%(upstream:remoteref) refs/heads/master [8ms]
2024-07-17 10:10:42.255 [info] > git for-each-ref --format=%(refname)%00%(upstream:short)%00%(objectname)%00%(upstream:track)%00%(upstream:remotename)%00%(upstream:remoteref) refs/heads/master refs/remotes/master [59ms]
2024-07-17 10:10:42.277 [info] > git config --local branch.master.vscode-merge-base [22ms]
2024-07-17 10:10:42.277 [warning] git config failed: Failed to execute git
2024-07-17 10:10:42.299 [info] > git status -z -uall [25ms]
2024-07-17 10:10:42.321 [info] > git for-each-ref --format=%(refname)%00%(upstream:short)%00%(objectname)%00%(upstream:track)%00%(upstream:remotename)%00%(upstream:remoteref) refs/heads/master refs/remotes/master [6ms]
2024-07-17 10:10:42.350 [info] > git reflog refs/heads/master --grep-reflog=branch: Created from *. [51ms]
2024-07-17 10:10:42.400 [info] > git symbolic-ref --short refs/remotes/origin/HEAD [2ms]
2024-07-17 10:10:42.400 [info] fatal: ref refs/remotes/origin/HEAD is not a symbolic ref
2024-07-17 10:10:42.400 [info] GitHistoryProvider:resolveHistoryItemGroupUpstreamOrBase - Failed to resolve history item group base for 'refs/heads/master'
2024-07-17 10:10:42.400 [info] GitHistoryProvider:resolveHistoryItemGroupCommonAncestor - Failed to resolve history item group base for 'refs/heads/master'
2024-07-17 10:10:42.401 [info] > git config --local branch.master.vscode-merge-base [52ms]
2024-07-17 10:10:42.401 [warning] git config failed: Failed to execute git
2024-07-17 10:10:42.427 [info] > git reflog master --grep-reflog=branch: Created from *. [10ms]
2024-07-17 10:10:42.479 [info] > git symbolic-ref --short refs/remotes/origin/HEAD [32ms]
2024-07-17 10:10:42.479 [info] fatal: ref refs/remotes/origin/HEAD is not a symbolic ref
2024-07-17 10:10:42.495 [info] > git for-each-ref --format=%(refname)%00%(upstream:short)%00%(objectname)%00%(upstream:track)%00%(upstream:remotename)%00%(upstream:remoteref) refs/heads/master [17ms]
2024-07-17 10:10:42.516 [info] > git for-each-ref --format=%(refname)%00%(upstream:short)%00%(objectname)%00%(upstream:track)%00%(upstream:remotename)%00%(upstream:remoteref) refs/heads/master [3ms]
2024-07-17 10:10:42.551 [info] > git config --local branch.master.vscode-merge-base [1ms]
2024-07-17 10:10:42.552 [warning] git config failed: Failed to execute git
2024-07-17 10:10:42.583 [info] > git reflog refs/heads/master --grep-reflog=branch: Created from *. [3ms]
2024-07-17 10:10:42.600 [info] > git symbolic-ref --short refs/remotes/origin/HEAD [2ms]
2024-07-17 10:10:42.600 [info] fatal: ref refs/remotes/origin/HEAD is not a symbolic ref
2024-07-17 10:10:42.600 [info] GitHistoryProvider:resolveHistoryItemGroupUpstreamOrBase - Failed to resolve history item group base for 'refs/heads/master'
2024-07-17 10:10:42.600 [info] GitHistoryProvider:resolveHistoryItemGroupCommonAncestor - Failed to resolve history item group base for 'refs/heads/master'
2024-07-17 10:10:43.426 [info] > git ls-tree -l HEAD -- /home/aditirao/projects/web/adr-portfolio/src/components/Navbar.tsx [7ms]
2024-07-17 10:10:43.472 [info] > git show --textconv HEAD:src/components/Navbar.tsx [5ms]
2024-07-17 10:10:43.558 [info] > git show --textconv HEAD:src/utils/getNavItems.js [18ms]
2024-07-17 10:10:43.561 [info] > git ls-tree -l HEAD -- /home/aditirao/projects/web/adr-portfolio/src/utils/getNavItems.js [7ms]
2024-07-17 10:10:44.447 [info] No remotes found in the git config file.
2024-07-17 10:10:44.448 [info] > git config --get commit.template [25ms]
2024-07-17 10:10:44.449 [info] > git for-each-ref --format=%(refname)%00%(upstream:short)%00%(objectname)%00%(upstream:track)%00%(upstream:remotename)%00%(upstream:remoteref) refs/heads/master refs/remotes/master [2ms]
2024-07-17 10:10:44.467 [info] > git status -z -uall [5ms]
2024-07-17 10:10:44.485 [info] > git for-each-ref --format=%(refname)%00%(upstream:short)%00%(objectname)%00%(upstream:track)%00%(upstream:remotename)%00%(upstream:remoteref) refs/heads/master refs/remotes/master [3ms]
2024-07-17 10:10:44.502 [info] > git config --local branch.master.vscode-merge-base [2ms]
2024-07-17 10:10:44.502 [warning] git config failed: Failed to execute git
2024-07-17 10:10:44.521 [info] > git reflog master --grep-reflog=branch: Created from *. [4ms]
2024-07-17 10:10:44.538 [info] > git symbolic-ref --short refs/remotes/origin/HEAD [2ms]
2024-07-17 10:10:44.538 [info] fatal: ref refs/remotes/origin/HEAD is not a symbolic ref
2024-07-17 10:10:47.049 [info] > git clean -f -q -- /home/aditirao/projects/web/adr-portfolio/src/utils/getNavItems.js [22ms]
2024-07-17 10:10:47.070 [info] > git ls-tree -l HEAD -- /home/aditirao/projects/web/adr-portfolio/src/utils/getNavItems.js [24ms]
2024-07-17 10:10:47.075 [info] > git checkout -q [6ms]
2024-07-17 10:10:47.124 [info] > git config --get commit.template [25ms]
2024-07-17 10:10:47.146 [info] No remotes found in the git config file.
2024-07-17 10:10:47.149 [info] > git for-each-ref --format=%(refname)%00%(upstream:short)%00%(objectname)%00%(upstream:track)%00%(upstream:remotename)%00%(upstream:remoteref) refs/heads/master [25ms]
2024-07-17 10:10:47.178 [info] > git for-each-ref --format=%(refname)%00%(upstream:short)%00%(objectname)%00%(upstream:track)%00%(upstream:remotename)%00%(upstream:remoteref) refs/heads/master refs/remotes/master [32ms]
2024-07-17 10:10:47.201 [info] > git for-each-ref --format=%(refname)%00%(upstream:short)%00%(objectname)%00%(upstream:track)%00%(upstream:remotename)%00%(upstream:remoteref) refs/heads/master [24ms]
2024-07-17 10:10:47.224 [info] > git status -z -uall [24ms]
2024-07-17 10:10:47.247 [info] > git for-each-ref --format=%(refname)%00%(upstream:short)%00%(objectname)%00%(upstream:track)%00%(upstream:remotename)%00%(upstream:remoteref) refs/heads/master refs/remotes/master [4ms]
2024-07-17 10:10:47.260 [info] > git config --local branch.master.vscode-merge-base [37ms]
2024-07-17 10:10:47.260 [warning] git config failed: Failed to execute git
2024-07-17 10:10:47.276 [info] > git config --local branch.master.vscode-merge-base [16ms]
2024-07-17 10:10:47.276 [warning] git config failed: Failed to execute git
2024-07-17 10:10:47.292 [info] > git reflog refs/heads/master --grep-reflog=branch: Created from *. [18ms]
2024-07-17 10:10:47.306 [info] > git reflog master --grep-reflog=branch: Created from *. [13ms]
2024-07-17 10:10:47.317 [info] > git symbolic-ref --short refs/remotes/origin/HEAD [13ms]
2024-07-17 10:10:47.317 [info] fatal: ref refs/remotes/origin/HEAD is not a symbolic ref
2024-07-17 10:10:47.317 [info] GitHistoryProvider:resolveHistoryItemGroupUpstreamOrBase - Failed to resolve history item group base for 'refs/heads/master'
2024-07-17 10:10:47.317 [info] GitHistoryProvider:resolveHistoryItemGroupCommonAncestor - Failed to resolve history item group base for 'refs/heads/master'
2024-07-17 10:10:47.317 [info] > git symbolic-ref --short refs/remotes/origin/HEAD [1ms]
2024-07-17 10:10:47.317 [info] fatal: ref refs/remotes/origin/HEAD is not a symbolic ref
2024-07-17 10:10:47.343 [info] > git for-each-ref --format=%(refname)%00%(upstream:short)%00%(objectname)%00%(upstream:track)%00%(upstream:remotename)%00%(upstream:remoteref) refs/heads/master [2ms]
2024-07-17 10:10:47.357 [info] > git for-each-ref --format=%(refname)%00%(upstream:short)%00%(objectname)%00%(upstream:track)%00%(upstream:remotename)%00%(upstream:remoteref) refs/heads/master [2ms]
2024-07-17 10:10:47.371 [info] > git config --local branch.master.vscode-merge-base [3ms]
2024-07-17 10:10:47.371 [warning] git config failed: Failed to execute git
2024-07-17 10:10:47.385 [info] > git reflog refs/heads/master --grep-reflog=branch: Created from *. [2ms]
2024-07-17 10:10:47.399 [info] > git symbolic-ref --short refs/remotes/origin/HEAD [2ms]
2024-07-17 10:10:47.399 [info] fatal: ref refs/remotes/origin/HEAD is not a symbolic ref
2024-07-17 10:10:47.399 [info] GitHistoryProvider:resolveHistoryItemGroupUpstreamOrBase - Failed to resolve history item group base for 'refs/heads/master'
2024-07-17 10:10:47.399 [info] GitHistoryProvider:resolveHistoryItemGroupCommonAncestor - Failed to resolve history item group base for 'refs/heads/master'
2024-07-17 10:10:48.206 [info] > git show --textconv HEAD:src/app/page.tsx [17ms]
2024-07-17 10:10:48.208 [info] > git ls-tree -l HEAD -- /home/aditirao/projects/web/adr-portfolio/src/app/page.tsx [2ms]
2024-07-17 10:10:48.361 [info] > git ls-tree -l HEAD -- /home/aditirao/projects/web/adr-portfolio/src/utils/getNavItems.js [12ms]
2024-07-17 10:10:48.362 [info] > git ls-tree -l HEAD -- /home/aditirao/projects/web/adr-portfolio/src/components/Navbar.tsx [24ms]
2024-07-17 10:10:48.365 [info] > git ls-tree -l HEAD -- /home/aditirao/projects/web/adr-portfolio/src/app/page.tsx [5ms]
2024-07-17 10:10:48.402 [info] > git show --textconv HEAD:src/utils/getNavItems.js [24ms]
2024-07-17 10:10:48.402 [info] > git show --textconv HEAD:src/components/Navbar.tsx [11ms]
2024-07-17 10:10:48.405 [info] > git show --textconv HEAD:src/app/page.tsx [3ms]
2024-07-17 10:10:49.510 [info] No remotes found in the git config file.
2024-07-17 10:10:49.511 [info] > git config --get commit.template [13ms]
2024-07-17 10:10:49.511 [info] > git for-each-ref --format=%(refname)%00%(upstream:short)%00%(objectname)%00%(upstream:track)%00%(upstream:remotename)%00%(upstream:remoteref) refs/heads/master refs/remotes/master [1ms]
2024-07-17 10:10:49.524 [info] > git status -z -uall [2ms]
2024-07-17 10:10:49.538 [info] > git for-each-ref --format=%(refname)%00%(upstream:short)%00%(objectname)%00%(upstream:track)%00%(upstream:remotename)%00%(upstream:remoteref) refs/heads/master refs/remotes/master [3ms]
2024-07-17 10:10:49.550 [info] > git config --local branch.master.vscode-merge-base [1ms]
2024-07-17 10:10:49.550 [warning] git config failed: Failed to execute git
2024-07-17 10:10:49.564 [info] > git reflog master --grep-reflog=branch: Created from *. [2ms]
2024-07-17 10:10:49.578 [info] > git symbolic-ref --short refs/remotes/origin/HEAD [2ms]
2024-07-17 10:10:49.578 [info] fatal: ref refs/remotes/origin/HEAD is not a symbolic ref
2024-07-17 10:10:51.123 [info] > git show --textconv HEAD:package.json [0ms]
2024-07-17 10:10:51.142 [info] > git ls-tree -l HEAD -- /home/aditirao/projects/web/adr-portfolio/package.json [3ms]
2024-07-17 10:10:55.083 [info] > git checkout -q -- /home/aditirao/projects/web/adr-portfolio/package.json [14ms]
2024-07-17 10:10:55.098 [info] > git ls-tree -l HEAD -- /home/aditirao/projects/web/adr-portfolio/package.json [17ms]
2024-07-17 10:10:55.100 [info] > git config --get commit.template [3ms]
2024-07-17 10:10:55.130 [info] No remotes found in the git config file.
2024-07-17 10:10:55.130 [info] > git for-each-ref --format=%(refname)%00%(upstream:short)%00%(objectname)%00%(upstream:track)%00%(upstream:remotename)%00%(upstream:remoteref) refs/heads/master [16ms]
2024-07-17 10:10:55.146 [info] > git for-each-ref --format=%(refname)%00%(upstream:short)%00%(objectname)%00%(upstream:track)%00%(upstream:remotename)%00%(upstream:remoteref) refs/heads/master refs/remotes/master [17ms]
2024-07-17 10:10:55.163 [info] > git for-each-ref --format=%(refname)%00%(upstream:short)%00%(objectname)%00%(upstream:track)%00%(upstream:remotename)%00%(upstream:remoteref) refs/heads/master [18ms]
2024-07-17 10:10:55.187 [info] > git status -z -uall [25ms]
2024-07-17 10:10:55.188 [info] > git config --local branch.master.vscode-merge-base [7ms]
2024-07-17 10:10:55.188 [warning] git config failed: Failed to execute git
2024-07-17 10:10:55.227 [info] > git for-each-ref --format=%(refname)%00%(upstream:short)%00%(objectname)%00%(upstream:track)%00%(upstream:remotename)%00%(upstream:remoteref) refs/heads/master refs/remotes/master [3ms]
2024-07-17 10:10:55.244 [info] > git reflog refs/heads/master --grep-reflog=branch: Created from *. [37ms]
2024-07-17 10:10:55.258 [info] > git config --local branch.master.vscode-merge-base [15ms]
2024-07-17 10:10:55.258 [warning] git config failed: Failed to execute git
2024-07-17 10:10:55.275 [info] > git symbolic-ref --short refs/remotes/origin/HEAD [19ms]
2024-07-17 10:10:55.275 [info] fatal: ref refs/remotes/origin/HEAD is not a symbolic ref
2024-07-17 10:10:55.275 [info] GitHistoryProvider:resolveHistoryItemGroupUpstreamOrBase - Failed to resolve history item group base for 'refs/heads/master'
2024-07-17 10:10:55.275 [info] GitHistoryProvider:resolveHistoryItemGroupCommonAncestor - Failed to resolve history item group base for 'refs/heads/master'
2024-07-17 10:10:55.276 [info] > git reflog master --grep-reflog=branch: Created from *. [3ms]
2024-07-17 10:10:55.292 [info] > git symbolic-ref --short refs/remotes/origin/HEAD [2ms]
2024-07-17 10:10:55.292 [info] fatal: ref refs/remotes/origin/HEAD is not a symbolic ref
2024-07-17 10:10:55.335 [info] > git for-each-ref --format=%(refname)%00%(upstream:short)%00%(objectname)%00%(upstream:track)%00%(upstream:remotename)%00%(upstream:remoteref) refs/heads/master [2ms]
2024-07-17 10:10:55.347 [info] > git for-each-ref --format=%(refname)%00%(upstream:short)%00%(objectname)%00%(upstream:track)%00%(upstream:remotename)%00%(upstream:remoteref) refs/heads/master [1ms]
2024-07-17 10:10:55.361 [info] > git config --local branch.master.vscode-merge-base [1ms]
2024-07-17 10:10:55.361 [warning] git config failed: Failed to execute git
2024-07-17 10:10:55.378 [info] > git reflog refs/heads/master --grep-reflog=branch: Created from *. [2ms]
2024-07-17 10:10:55.391 [info] > git symbolic-ref --short refs/remotes/origin/HEAD [2ms]
2024-07-17 10:10:55.391 [info] fatal: ref refs/remotes/origin/HEAD is not a symbolic ref
2024-07-17 10:10:55.391 [info] GitHistoryProvider:resolveHistoryItemGroupUpstreamOrBase - Failed to resolve history item group base for 'refs/heads/master'
2024-07-17 10:10:55.391 [info] GitHistoryProvider:resolveHistoryItemGroupCommonAncestor - Failed to resolve history item group base for 'refs/heads/master'
2024-07-17 10:10:56.316 [info] > git ls-tree -l HEAD -- /home/aditirao/projects/web/adr-portfolio/src/app/page.tsx [11ms]
2024-07-17 10:10:56.317 [info] > git ls-tree -l HEAD -- /home/aditirao/projects/web/adr-portfolio/src/components/Navbar.tsx [22ms]
2024-07-17 10:10:56.318 [info] > git ls-tree -l HEAD -- /home/aditirao/projects/web/adr-portfolio/package.json [3ms]
2024-07-17 10:10:56.361 [info] > git show --textconv HEAD:src/app/page.tsx [31ms]
2024-07-17 10:10:56.361 [info] > git show --textconv HEAD:src/components/Navbar.tsx [18ms]
2024-07-17 10:10:56.361 [info] > git show --textconv HEAD:package.json [7ms]
2024-07-17 10:10:57.055 [info] > git ls-tree -l HEAD -- /home/aditirao/projects/web/adr-portfolio/src/app/page.tsx [6ms]
2024-07-17 10:10:57.362 [info] No remotes found in the git config file.
2024-07-17 10:10:57.364 [info] > git config --get commit.template [35ms]
2024-07-17 10:10:57.365 [info] > git for-each-ref --format=%(refname)%00%(upstream:short)%00%(objectname)%00%(upstream:track)%00%(upstream:remotename)%00%(upstream:remoteref) refs/heads/master refs/remotes/master [3ms]
2024-07-17 10:10:57.387 [info] > git status -z -uall [5ms]
2024-07-17 10:10:57.413 [info] > git for-each-ref --format=%(refname)%00%(upstream:short)%00%(objectname)%00%(upstream:track)%00%(upstream:remotename)%00%(upstream:remoteref) refs/heads/master refs/remotes/master [5ms]
2024-07-17 10:10:57.434 [info] > git config --local branch.master.vscode-merge-base [3ms]
2024-07-17 10:10:57.434 [warning] git config failed: Failed to execute git
2024-07-17 10:10:57.452 [info] > git reflog master --grep-reflog=branch: Created from *. [3ms]
2024-07-17 10:10:57.470 [info] > git symbolic-ref --short refs/remotes/origin/HEAD [2ms]
2024-07-17 10:10:57.470 [info] fatal: ref refs/remotes/origin/HEAD is not a symbolic ref
2024-07-17 10:10:58.874 [info] > git ls-tree -l HEAD -- /home/aditirao/projects/web/adr-portfolio/src/components/Navbar.tsx [11ms]
2024-07-17 10:10:59.519 [info] > git show --textconv :src/utils/getNavItems.js [12ms]
2024-07-17 10:10:59.522 [info] > git ls-files --stage -- /home/aditirao/projects/web/adr-portfolio/src/utils/getNavItems.js [4ms]
2024-07-17 10:11:00.208 [info] > git ls-tree -l HEAD -- /home/aditirao/projects/web/adr-portfolio/src/components/Navbar.tsx [14ms]
2024-07-17 10:11:01.342 [info] > git show --textconv :src/app/navbar/page.tsx [15ms]
2024-07-17 10:11:01.343 [info] > git ls-files --stage -- /home/aditirao/projects/web/adr-portfolio/src/app/navbar/page.tsx [2ms]
2024-07-17 10:11:03.899 [info] > git ls-tree -l HEAD -- /home/aditirao/projects/web/adr-portfolio/src/components/Navbar.tsx [22ms]
2024-07-17 10:11:05.477 [info] > git show --textconv :src/app/page.tsx [49ms]
2024-07-17 10:11:05.478 [info] > git ls-files --stage -- /home/aditirao/projects/web/adr-portfolio/src/app/page.tsx [18ms]
2024-07-17 10:11:05.524 [info] > git cat-file -s 94e01fa0d176558f0d82623f763db4624f7984ed [15ms]
2024-07-17 10:11:07.492 [info] > git show --textconv :src/components/Navbar.tsx [27ms]
2024-07-17 10:11:07.495 [info] > git ls-files --stage -- /home/aditirao/projects/web/adr-portfolio/src/components/Navbar.tsx [5ms]
2024-07-17 10:11:09.467 [info] > git show --textconv :src/app/page.tsx [15ms]
2024-07-17 10:11:09.472 [info] > git ls-files --stage -- /home/aditirao/projects/web/adr-portfolio/src/app/page.tsx [6ms]
2024-07-17 10:11:09.505 [info] > git cat-file -s 94e01fa0d176558f0d82623f763db4624f7984ed [6ms]
