2024-07-16 17:33:13.871 [info] Reading sessions from keychain...
2024-07-16 17:33:13.871 [info] Getting sessions for all scopes...
2024-07-16 17:33:13.871 [info] Got stored sessions!
2024-07-16 17:33:13.871 [info] Got 1 verified sessions.
2024-07-16 17:33:13.871 [info] Got 1 sessions for ...
2024-07-16 17:33:13.893 [info] Getting sessions for read:user,repo,user:email,workflow...
2024-07-16 17:33:13.894 [info] Got 1 sessions for read:user,repo,user:email,workflow...
2024-07-16 17:33:13.915 [info] Getting sessions for read:user,repo,user:email,workflow...
2024-07-16 17:33:13.915 [info] Got 1 sessions for read:user,repo,user:email,workflow...
2024-07-16 17:33:13.916 [info] Getting sessions for read:user...
2024-07-16 17:33:13.916 [info] Got 0 sessions for read:user...
2024-07-16 17:33:13.916 [info] Getting sessions for user:email...
2024-07-16 17:33:13.916 [info] Got 0 sessions for user:email...
2024-07-16 17:33:14.748 [info] Getting sessions for read:user,repo,user:email,workflow...
2024-07-16 17:33:14.748 [info] Got 1 sessions for read:user,repo,user:email,workflow...
2024-07-16 17:33:14.748 [info] Getting sessions for read:user...
2024-07-16 17:33:14.748 [info] Got 0 sessions for read:user...
2024-07-16 17:33:14.748 [info] Getting sessions for user:email...
2024-07-16 17:33:14.748 [info] Got 0 sessions for user:email...
2024-07-16 17:33:14.862 [info] Getting sessions for read:user,repo,user:email,workflow...
2024-07-16 17:33:14.862 [info] Got 1 sessions for read:user,repo,user:email,workflow...
2024-07-16 17:33:14.863 [info] Getting sessions for read:user...
2024-07-16 17:33:14.863 [info] Got 0 sessions for read:user...
2024-07-16 17:33:14.863 [info] Getting sessions for user:email...
2024-07-16 17:33:14.864 [info] Got 0 sessions for user:email...
2024-07-16 17:58:14.624 [info] Getting sessions for read:user,repo,user:email,workflow...
2024-07-16 17:58:14.624 [info] Got 1 sessions for read:user,repo,user:email,workflow...
2024-07-16 17:58:14.714 [info] Getting sessions for read:user,repo,user:email,workflow...
2024-07-16 17:58:14.714 [info] Got 1 sessions for read:user,repo,user:email,workflow...
2024-07-16 17:58:14.714 [info] Getting sessions for read:user...
2024-07-16 17:58:14.714 [info] Got 0 sessions for read:user...
2024-07-16 17:58:14.715 [info] Getting sessions for user:email...
2024-07-16 17:58:14.715 [info] Got 0 sessions for user:email...
2024-07-16 17:58:15.115 [info] Getting sessions for read:user,repo,user:email,workflow...
2024-07-16 17:58:15.115 [info] Got 1 sessions for read:user,repo,user:email,workflow...
2024-07-16 17:58:15.115 [info] Getting sessions for read:user...
2024-07-16 17:58:15.115 [info] Got 0 sessions for read:user...
2024-07-16 17:58:15.116 [info] Getting sessions for user:email...
2024-07-16 17:58:15.116 [info] Got 0 sessions for user:email...
