2024-07-15 14:59:42.636 [info] Log level: Info
2024-07-15 14:59:42.636 [info] Validating found git in: "git"
2024-07-15 14:59:42.636 [info] Using git "2.39.2" from "git"
2024-07-15 14:59:42.636 [info] > git rev-parse --show-toplevel [25ms]
2024-07-15 14:59:42.639 [info] > git rev-parse --show-toplevel [6ms]
2024-07-15 14:59:42.652 [info] > git rev-parse --show-toplevel [2ms]
2024-07-15 14:59:42.731 [info] > git rev-parse --show-toplevel [1ms]
2024-07-15 14:59:42.829 [info] > git rev-parse --show-toplevel [3ms]
2024-07-15 14:59:42.962 [info] > git rev-parse --show-toplevel [2ms]
2024-07-15 14:59:44.090 [info] > git rev-parse --show-toplevel [1ms]
2024-07-15 14:59:50.851 [info] > git rev-parse --show-toplevel [3ms]
2024-07-15 14:59:50.857 [info] > git rev-parse --git-dir --git-common-dir [1ms]
2024-07-15 14:59:50.864 [info] Open repository: /home/aditirao/projects/web/adr-portfolio
2024-07-15 14:59:50.871 [info] > git config --get commit.template [2ms]
2024-07-15 14:59:50.875 [info] No remotes found in the git config file.
2024-07-15 14:59:50.877 [info] > git for-each-ref --format=%(refname)%00%(upstream:short)%00%(objectname)%00%(upstream:track)%00%(upstream:remotename)%00%(upstream:remoteref) refs/heads/dev refs/remotes/dev [2ms]
2024-07-15 14:59:50.882 [info] > git status -z -uall [2ms]
2024-07-15 14:59:50.895 [info] > git for-each-ref --format=%(refname)%00%(upstream:short)%00%(objectname)%00%(upstream:track)%00%(upstream:remotename)%00%(upstream:remoteref) refs/heads/dev refs/remotes/dev [9ms]
2024-07-15 14:59:50.914 [info] > git config --local branch.dev.vscode-merge-base [11ms]
2024-07-15 14:59:50.914 [warning] git config failed: Failed to execute git
2024-07-15 14:59:50.918 [info] > git config --get commit.template [24ms]
2024-07-15 14:59:50.927 [info] > git reflog dev --grep-reflog=branch: Created from *. [9ms]
2024-07-15 14:59:50.935 [info] No remotes found in the git config file.
2024-07-15 14:59:50.936 [info] > git symbolic-ref --short refs/remotes/origin/HEAD [4ms]
2024-07-15 14:59:50.936 [info] fatal: ref refs/remotes/origin/HEAD is not a symbolic ref
2024-07-15 14:59:50.937 [info] > git for-each-ref --format=%(refname)%00%(upstream:short)%00%(objectname)%00%(upstream:track)%00%(upstream:remotename)%00%(upstream:remoteref) refs/heads/dev refs/remotes/dev [2ms]
2024-07-15 14:59:50.941 [info] > git status -z -uall [1ms]
2024-07-15 14:59:50.948 [info] > git for-each-ref --format=%(refname)%00%(upstream:short)%00%(objectname)%00%(upstream:track)%00%(upstream:remotename)%00%(upstream:remoteref) refs/heads/dev refs/remotes/dev [2ms]
2024-07-15 14:59:50.953 [info] > git config --local branch.dev.vscode-merge-base [1ms]
2024-07-15 14:59:50.953 [warning] git config failed: Failed to execute git
2024-07-15 14:59:50.958 [info] > git reflog dev --grep-reflog=branch: Created from *. [2ms]
2024-07-15 14:59:50.962 [info] > git symbolic-ref --short refs/remotes/origin/HEAD [1ms]
2024-07-15 14:59:50.962 [info] fatal: ref refs/remotes/origin/HEAD is not a symbolic ref
2024-07-15 14:59:51.426 [info] > git check-ignore -v -z --stdin [4ms]
2024-07-15 14:59:56.676 [info] > git check-ignore -v -z --stdin [5ms]
2024-07-15 15:01:49.266 [info] No remotes found in the git config file.
2024-07-15 15:01:49.268 [info] > git config --get commit.template [10ms]
2024-07-15 15:01:49.268 [info] > git for-each-ref --format=%(refname)%00%(upstream:short)%00%(objectname)%00%(upstream:track)%00%(upstream:remotename)%00%(upstream:remoteref) refs/heads/dev refs/remotes/dev [2ms]
2024-07-15 15:01:49.276 [info] > git status -z -uall [2ms]
2024-07-15 15:01:49.289 [info] > git for-each-ref --format=%(refname)%00%(upstream:short)%00%(objectname)%00%(upstream:track)%00%(upstream:remotename)%00%(upstream:remoteref) refs/heads/dev refs/remotes/dev [5ms]
2024-07-15 15:01:49.299 [info] > git config --local branch.dev.vscode-merge-base [3ms]
2024-07-15 15:01:49.299 [warning] git config failed: Failed to execute git
2024-07-15 15:01:49.305 [info] > git reflog dev --grep-reflog=branch: Created from *. [2ms]
2024-07-15 15:01:49.310 [info] > git symbolic-ref --short refs/remotes/origin/HEAD [2ms]
2024-07-15 15:01:49.310 [info] fatal: ref refs/remotes/origin/HEAD is not a symbolic ref
2024-07-15 15:03:41.081 [info] No remotes found in the git config file.
2024-07-15 15:03:41.083 [info] > git config --get commit.template [12ms]
2024-07-15 15:03:41.083 [info] > git for-each-ref --format=%(refname)%00%(upstream:short)%00%(objectname)%00%(upstream:track)%00%(upstream:remotename)%00%(upstream:remoteref) refs/heads/dev refs/remotes/dev [3ms]
2024-07-15 15:03:41.090 [info] > git status -z -uall [2ms]
2024-07-15 15:03:41.100 [info] > git for-each-ref --format=%(refname)%00%(upstream:short)%00%(objectname)%00%(upstream:track)%00%(upstream:remotename)%00%(upstream:remoteref) refs/heads/dev refs/remotes/dev [4ms]
2024-07-15 15:03:41.110 [info] > git config --local branch.dev.vscode-merge-base [2ms]
2024-07-15 15:03:41.110 [warning] git config failed: Failed to execute git
2024-07-15 15:03:41.117 [info] > git reflog dev --grep-reflog=branch: Created from *. [2ms]
2024-07-15 15:03:41.122 [info] > git symbolic-ref --short refs/remotes/origin/HEAD [2ms]
2024-07-15 15:03:41.122 [info] fatal: ref refs/remotes/origin/HEAD is not a symbolic ref
2024-07-15 15:03:49.500 [info] No remotes found in the git config file.
2024-07-15 15:03:49.501 [info] > git config --get commit.template [11ms]
2024-07-15 15:03:49.504 [info] > git for-each-ref --format=%(refname)%00%(upstream:short)%00%(objectname)%00%(upstream:track)%00%(upstream:remotename)%00%(upstream:remoteref) refs/heads/dev refs/remotes/dev [3ms]
2024-07-15 15:03:49.513 [info] > git status -z -uall [3ms]
2024-07-15 15:03:49.524 [info] > git for-each-ref --format=%(refname)%00%(upstream:short)%00%(objectname)%00%(upstream:track)%00%(upstream:remotename)%00%(upstream:remoteref) refs/heads/dev refs/remotes/dev [4ms]
2024-07-15 15:03:49.530 [info] > git config --local branch.dev.vscode-merge-base [2ms]
2024-07-15 15:03:49.530 [warning] git config failed: Failed to execute git
2024-07-15 15:03:49.535 [info] > git reflog dev --grep-reflog=branch: Created from *. [2ms]
2024-07-15 15:03:49.539 [info] > git symbolic-ref --short refs/remotes/origin/HEAD [1ms]
2024-07-15 15:03:49.539 [info] fatal: ref refs/remotes/origin/HEAD is not a symbolic ref
2024-07-15 15:03:51.869 [info] > git show --textconv :adr-portfolio/yarn.lock [20ms]
2024-07-15 15:03:51.874 [info] > git ls-files --stage -- /home/aditirao/projects/web/adr-portfolio/adr-portfolio/yarn.lock [8ms]
2024-07-15 15:03:51.889 [info] > git cat-file -s 72ef23deee61eb5e9f71c8e76ee2f61301eaeac3 [4ms]
2024-07-15 15:03:54.480 [info] > git show --textconv :adr-portfolio/package.json [10ms]
2024-07-15 15:03:54.480 [info] > git ls-files --stage -- /home/aditirao/projects/web/adr-portfolio/adr-portfolio/package.json [5ms]
2024-07-15 15:03:54.491 [info] > git cat-file -s bb6964b1e6303259170e7bfecaaef8321722b1dd [5ms]
