2024-07-15 16:00:05.457 [info] Reading sessions from keychain...
2024-07-15 16:00:05.457 [info] Getting sessions for all scopes...
2024-07-15 16:00:05.457 [info] Getting sessions for all scopes...
2024-07-15 16:00:05.457 [info] Got 0 sessions for ...
2024-07-15 16:00:05.457 [info] Got 0 sessions for ...
2024-07-15 16:00:05.473 [info] Getting sessions for read:user,repo,user:email,workflow...
2024-07-15 16:00:05.473 [info] Got 0 sessions for read:user,repo,user:email,workflow...
2024-07-15 16:07:50.185 [info] Getting sessions for read:user,repo,user:email,workflow...
2024-07-15 16:07:50.185 [info] Got 0 sessions for read:user,repo,user:email,workflow...
2024-07-15 16:07:51.887 [info] Logging in for the following scopes: read:user repo user:email workflow
2024-07-15 16:07:51.891 [info] Trying without local server... (read:user repo user:email workflow)
2024-07-15 16:07:55.427 [info] Exchanging code for token...
2024-07-15 16:07:55.884 [info] Token exchange success!
2024-07-15 16:07:55.889 [info] Getting user info...
2024-07-15 16:07:56.320 [info] Got account info!
2024-07-15 16:07:56.322 [info] Storing 1 sessions...
2024-07-15 16:07:56.332 [info] Reading sessions from keychain...
2024-07-15 16:07:56.332 [info] Stored 1 sessions!
2024-07-15 16:07:56.333 [info] Login success!
2024-07-15 16:07:56.415 [info] Got stored sessions!
2024-07-15 16:07:56.415 [info] Got 1 verified sessions.
2024-07-15 16:07:56.811 [info] Getting sessions for read:user,repo,user:email,workflow...
2024-07-15 16:07:56.812 [info] Got 1 sessions for read:user,repo,user:email,workflow...
