2024-07-15 16:00:04.288 [info] Started local extension host with pid 15394.
2024-07-15 16:00:07.026 [info] [perf] Render performance baseline is 62ms
2024-07-15 16:07:56.345 [info] Settings Sync: Updating due to change in sessions
2024-07-15 16:07:56.351 [info] Settings Sync: Updating due to change in sessions
2024-07-15 16:18:10.659 [error] Error: The editor could not be opened because the file was not found.
    at N.gc (vscode-file://vscode-app/usr/share/code/resources/app/out/vs/workbench/workbench.desktop.main.js:2208:30635)
    at async N.setInput (vscode-file://vscode-app/usr/share/code/resources/app/out/vs/workbench/workbench.desktop.main.js:2208:29514)
    at async o.S (vscode-file://vscode-app/usr/share/code/resources/app/out/vs/workbench/workbench.desktop.main.js:2206:24813)
    at async o.L (vscode-file://vscode-app/usr/share/code/resources/app/out/vs/workbench/workbench.desktop.main.js:2206:23340)
    at async o.openEditor (vscode-file://vscode-app/usr/share/code/resources/app/out/vs/workbench/workbench.desktop.main.js:2206:22329)
    at async vscode-file://vscode-app/usr/share/code/resources/app/out/vs/workbench/workbench.desktop.main.js:2334:26830
    at async f.M (vscode-file://vscode-app/usr/share/code/resources/app/out/vs/workbench/workbench.desktop.main.js:1254:143399)
    at async f.openCodeEditor (vscode-file://vscode-app/usr/share/code/resources/app/out/vs/workbench/workbench.desktop.main.js:745:41502)
    at async h.open (vscode-file://vscode-app/usr/share/code/resources/app/out/vs/workbench/workbench.desktop.main.js:662:48266)
    at async a.open (vscode-file://vscode-app/usr/share/code/resources/app/out/vs/workbench/workbench.desktop.main.js:662:49396)
2024-07-15 16:37:26.106 [error] Error: ENOENT: no such file or directory, stat '/home/aditirao/projects/web/myntra/myntra-weforshe/Common Files/image/favicon.png': EntryNotFound (FileSystemError): Error: ENOENT: no such file or directory, stat '/home/aditirao/projects/web/myntra/myntra-weforshe/Common Files/image/favicon.png'
	at P.e (/usr/share/code/resources/app/out/vs/workbench/api/node/extensionHostProcess.js:153:6131)
	at Object.stat (/usr/share/code/resources/app/out/vs/workbench/api/node/extensionHostProcess.js:153:3902)
2024-07-15 16:37:30.531 [error] Unable to read file '/home/aditirao/projects/web/myntra/myntra-weforshe/myntra/Landingpage/header.css' (Error: File not modified since): Error: Unable to read file '/home/aditirao/projects/web/myntra/myntra-weforshe/myntra/Landingpage/header.css' (Error: File not modified since)
    at r.F (vscode-file://vscode-app/usr/share/code/resources/app/out/vs/workbench/workbench.desktop.main.js:662:19306)
    at r.D (vscode-file://vscode-app/usr/share/code/resources/app/out/vs/workbench/workbench.desktop.main.js:662:19194)
    at async b.M (vscode-file://vscode-app/usr/share/code/resources/app/out/vs/workbench/workbench.desktop.main.js:2223:35352)
    at async b.readStream (vscode-file://vscode-app/usr/share/code/resources/app/out/vs/workbench/workbench.desktop.main.js:2223:35109)
    at async P.Db (vscode-file://vscode-app/usr/share/code/resources/app/out/vs/workbench/workbench.desktop.main.js:2212:11391)
    at async P.resolve (vscode-file://vscode-app/usr/share/code/resources/app/out/vs/workbench/workbench.desktop.main.js:2212:9803)
    at async vscode-file://vscode-app/usr/share/code/resources/app/out/vs/workbench/workbench.desktop.main.js:2223:31151
2024-07-15 16:37:33.125 [error] Unable to read file '/home/aditirao/projects/web/myntra/myntra-weforshe/myntra/Landingpage/navbar.css' (Error: File not modified since): Error: Unable to read file '/home/aditirao/projects/web/myntra/myntra-weforshe/myntra/Landingpage/navbar.css' (Error: File not modified since)
    at r.F (vscode-file://vscode-app/usr/share/code/resources/app/out/vs/workbench/workbench.desktop.main.js:662:19306)
    at r.D (vscode-file://vscode-app/usr/share/code/resources/app/out/vs/workbench/workbench.desktop.main.js:662:19194)
    at async b.M (vscode-file://vscode-app/usr/share/code/resources/app/out/vs/workbench/workbench.desktop.main.js:2223:35352)
    at async b.readStream (vscode-file://vscode-app/usr/share/code/resources/app/out/vs/workbench/workbench.desktop.main.js:2223:35109)
    at async P.Db (vscode-file://vscode-app/usr/share/code/resources/app/out/vs/workbench/workbench.desktop.main.js:2212:11391)
    at async P.resolve (vscode-file://vscode-app/usr/share/code/resources/app/out/vs/workbench/workbench.desktop.main.js:2212:9803)
    at async vscode-file://vscode-app/usr/share/code/resources/app/out/vs/workbench/workbench.desktop.main.js:2223:31151
2024-07-15 16:52:30.053 [error] Error: The editor could not be opened because the file was not found.
    at N.gc (vscode-file://vscode-app/usr/share/code/resources/app/out/vs/workbench/workbench.desktop.main.js:2208:30635)
    at async N.setInput (vscode-file://vscode-app/usr/share/code/resources/app/out/vs/workbench/workbench.desktop.main.js:2208:29514)
    at async o.S (vscode-file://vscode-app/usr/share/code/resources/app/out/vs/workbench/workbench.desktop.main.js:2206:24813)
    at async o.L (vscode-file://vscode-app/usr/share/code/resources/app/out/vs/workbench/workbench.desktop.main.js:2206:23340)
    at async o.openEditor (vscode-file://vscode-app/usr/share/code/resources/app/out/vs/workbench/workbench.desktop.main.js:2206:22329)
    at async vscode-file://vscode-app/usr/share/code/resources/app/out/vs/workbench/workbench.desktop.main.js:2334:26830
    at async f.M (vscode-file://vscode-app/usr/share/code/resources/app/out/vs/workbench/workbench.desktop.main.js:1254:143399)
    at async f.openCodeEditor (vscode-file://vscode-app/usr/share/code/resources/app/out/vs/workbench/workbench.desktop.main.js:745:41502)
    at async h.open (vscode-file://vscode-app/usr/share/code/resources/app/out/vs/workbench/workbench.desktop.main.js:662:48266)
    at async a.open (vscode-file://vscode-app/usr/share/code/resources/app/out/vs/workbench/workbench.desktop.main.js:662:49396)
2024-07-15 16:54:02.041 [error] Error: ENOENT: no such file or directory, stat '/home/aditirao/projects/web/myntra/myntra-weforshe/myntra/Landingpage/myntra/Common Files/image/myntra-removebg-preview.png': EntryNotFound (FileSystemError): Error: ENOENT: no such file or directory, stat '/home/aditirao/projects/web/myntra/myntra-weforshe/myntra/Landingpage/myntra/Common Files/image/myntra-removebg-preview.png'
	at P.e (/usr/share/code/resources/app/out/vs/workbench/api/node/extensionHostProcess.js:153:6131)
	at Object.stat (/usr/share/code/resources/app/out/vs/workbench/api/node/extensionHostProcess.js:153:3902)
2024-07-15 17:16:20.640 [error] Error: The editor could not be opened because the file was not found.
    at N.gc (vscode-file://vscode-app/usr/share/code/resources/app/out/vs/workbench/workbench.desktop.main.js:2208:30635)
    at async N.setInput (vscode-file://vscode-app/usr/share/code/resources/app/out/vs/workbench/workbench.desktop.main.js:2208:29514)
    at async o.S (vscode-file://vscode-app/usr/share/code/resources/app/out/vs/workbench/workbench.desktop.main.js:2206:24813)
    at async o.L (vscode-file://vscode-app/usr/share/code/resources/app/out/vs/workbench/workbench.desktop.main.js:2206:23340)
    at async o.openEditor (vscode-file://vscode-app/usr/share/code/resources/app/out/vs/workbench/workbench.desktop.main.js:2206:22329)
    at async vscode-file://vscode-app/usr/share/code/resources/app/out/vs/workbench/workbench.desktop.main.js:2334:26830
    at async f.M (vscode-file://vscode-app/usr/share/code/resources/app/out/vs/workbench/workbench.desktop.main.js:1254:143399)
    at async f.openCodeEditor (vscode-file://vscode-app/usr/share/code/resources/app/out/vs/workbench/workbench.desktop.main.js:745:41502)
    at async h.open (vscode-file://vscode-app/usr/share/code/resources/app/out/vs/workbench/workbench.desktop.main.js:662:48266)
    at async a.open (vscode-file://vscode-app/usr/share/code/resources/app/out/vs/workbench/workbench.desktop.main.js:662:49396)
    at async c (vscode-file://vscode-app/usr/share/code/resources/app/out/vs/workbench/workbench.desktop.main.js:665:22668)
2024-07-15 17:16:27.896 [error] Error: The editor could not be opened because the file was not found.
    at N.gc (vscode-file://vscode-app/usr/share/code/resources/app/out/vs/workbench/workbench.desktop.main.js:2208:30635)
    at async N.setInput (vscode-file://vscode-app/usr/share/code/resources/app/out/vs/workbench/workbench.desktop.main.js:2208:29514)
    at async o.S (vscode-file://vscode-app/usr/share/code/resources/app/out/vs/workbench/workbench.desktop.main.js:2206:24813)
    at async o.L (vscode-file://vscode-app/usr/share/code/resources/app/out/vs/workbench/workbench.desktop.main.js:2206:23340)
    at async o.openEditor (vscode-file://vscode-app/usr/share/code/resources/app/out/vs/workbench/workbench.desktop.main.js:2206:22329)
    at async vscode-file://vscode-app/usr/share/code/resources/app/out/vs/workbench/workbench.desktop.main.js:2334:26830
    at async f.M (vscode-file://vscode-app/usr/share/code/resources/app/out/vs/workbench/workbench.desktop.main.js:1254:143399)
    at async f.openCodeEditor (vscode-file://vscode-app/usr/share/code/resources/app/out/vs/workbench/workbench.desktop.main.js:745:41502)
    at async h.open (vscode-file://vscode-app/usr/share/code/resources/app/out/vs/workbench/workbench.desktop.main.js:662:48266)
    at async a.open (vscode-file://vscode-app/usr/share/code/resources/app/out/vs/workbench/workbench.desktop.main.js:662:49396)
2024-07-15 18:36:17.676 [error] Unable to read file '/home/aditirao/projects/web/myntra/myntra-weforshe/myntra/AR-page/lazy-2d.html' (Error: File not modified since): Error: Unable to read file '/home/aditirao/projects/web/myntra/myntra-weforshe/myntra/AR-page/lazy-2d.html' (Error: File not modified since)
    at r.F (vscode-file://vscode-app/usr/share/code/resources/app/out/vs/workbench/workbench.desktop.main.js:662:19306)
    at r.D (vscode-file://vscode-app/usr/share/code/resources/app/out/vs/workbench/workbench.desktop.main.js:662:19194)
    at async b.M (vscode-file://vscode-app/usr/share/code/resources/app/out/vs/workbench/workbench.desktop.main.js:2223:35352)
    at async b.readStream (vscode-file://vscode-app/usr/share/code/resources/app/out/vs/workbench/workbench.desktop.main.js:2223:35109)
    at async P.Db (vscode-file://vscode-app/usr/share/code/resources/app/out/vs/workbench/workbench.desktop.main.js:2212:11391)
    at async P.resolve (vscode-file://vscode-app/usr/share/code/resources/app/out/vs/workbench/workbench.desktop.main.js:2212:9803)
    at async vscode-file://vscode-app/usr/share/code/resources/app/out/vs/workbench/workbench.desktop.main.js:2223:31151
