2024-07-15 18:50:18.573 [info] Reading sessions from keychain...
2024-07-15 18:50:18.573 [info] Getting sessions for all scopes...
2024-07-15 18:50:18.573 [info] Getting sessions for all scopes...
2024-07-15 18:50:18.573 [info] Getting sessions for read:user,repo,user:email,workflow...
2024-07-15 18:50:18.595 [info] Got stored sessions!
2024-07-15 18:50:18.595 [info] Got 1 verified sessions.
2024-07-15 18:50:18.596 [info] Got 1 sessions for ...
2024-07-15 18:50:18.596 [info] Got 1 sessions for ...
2024-07-15 18:50:18.596 [info] Got 1 sessions for read:user,repo,user:email,workflow...
2024-07-15 18:50:19.126 [info] Getting sessions for read:user,repo,user:email,workflow...
2024-07-15 18:50:19.126 [info] Got 1 sessions for read:user,repo,user:email,workflow...
2024-07-15 18:58:46.777 [info] Getting sessions for read:user,repo,user:email,workflow...
2024-07-15 18:58:46.777 [info] Got 1 sessions for read:user,repo,user:email,workflow...
2024-07-15 19:20:58.524 [info] Getting sessions for read:user,repo,user:email,workflow...
2024-07-15 19:20:58.524 [info] Got 1 sessions for read:user,repo,user:email,workflow...
2024-07-15 19:20:58.524 [info] Getting sessions for read:user...
2024-07-15 19:20:58.524 [info] Got 0 sessions for read:user...
2024-07-15 19:20:58.525 [info] Getting sessions for user:email...
2024-07-15 19:20:58.525 [info] Got 0 sessions for user:email...
2024-07-15 19:20:58.527 [info] Getting sessions for read:user,repo,user:email,workflow...
2024-07-15 19:20:58.527 [info] Got 1 sessions for read:user,repo,user:email,workflow...
2024-07-15 19:20:59.248 [info] Getting sessions for read:user,repo,user:email,workflow...
2024-07-15 19:20:59.248 [info] Got 1 sessions for read:user,repo,user:email,workflow...
2024-07-15 19:20:59.248 [info] Getting sessions for read:user...
2024-07-15 19:20:59.248 [info] Got 0 sessions for read:user...
2024-07-15 19:20:59.249 [info] Getting sessions for user:email...
2024-07-15 19:20:59.249 [info] Got 0 sessions for user:email...
2024-07-15 19:20:59.378 [info] Getting sessions for read:user,repo,user:email,workflow...
2024-07-15 19:20:59.378 [info] Got 1 sessions for read:user,repo,user:email,workflow...
2024-07-15 19:20:59.379 [info] Getting sessions for read:user...
2024-07-15 19:20:59.379 [info] Got 0 sessions for read:user...
2024-07-15 19:20:59.379 [info] Getting sessions for user:email...
2024-07-15 19:20:59.379 [info] Got 0 sessions for user:email...
2024-07-15 19:21:04.912 [info] Getting sessions for read:user,repo,user:email,workflow...
2024-07-15 19:21:04.912 [info] Got 1 sessions for read:user,repo,user:email,workflow...
2024-07-15 19:21:04.912 [info] Getting sessions for read:user...
2024-07-15 19:21:04.912 [info] Got 0 sessions for read:user...
2024-07-15 19:21:04.912 [info] Getting sessions for user:email...
2024-07-15 19:21:04.912 [info] Got 0 sessions for user:email...
2024-07-15 19:41:53.477 [info] Getting sessions for read:user,repo,user:email,workflow...
2024-07-15 19:41:53.477 [info] Got 1 sessions for read:user,repo,user:email,workflow...
2024-07-15 19:45:05.461 [info] Getting sessions for read:user,repo,user:email,workflow...
2024-07-15 19:45:05.461 [info] Got 1 sessions for read:user,repo,user:email,workflow...
2024-07-15 19:45:59.214 [info] Getting sessions for read:user,repo,user:email,workflow...
2024-07-15 19:45:59.215 [info] Got 1 sessions for read:user,repo,user:email,workflow...
2024-07-15 19:45:59.216 [info] Getting sessions for read:user...
2024-07-15 19:45:59.216 [info] Got 0 sessions for read:user...
2024-07-15 19:45:59.217 [info] Getting sessions for user:email...
2024-07-15 19:45:59.217 [info] Got 0 sessions for user:email...
2024-07-15 19:45:59.313 [info] Getting sessions for read:user,repo,user:email,workflow...
2024-07-15 19:45:59.313 [info] Got 1 sessions for read:user,repo,user:email,workflow...
2024-07-15 19:46:00.139 [info] Getting sessions for read:user,repo,user:email,workflow...
2024-07-15 19:46:00.139 [info] Got 1 sessions for read:user,repo,user:email,workflow...
2024-07-15 19:46:00.139 [info] Getting sessions for read:user...
2024-07-15 19:46:00.139 [info] Got 0 sessions for read:user...
2024-07-15 19:46:00.139 [info] Getting sessions for user:email...
2024-07-15 19:46:00.139 [info] Got 0 sessions for user:email...
2024-07-15 19:56:58.019 [info] Getting sessions for read:user,repo,user:email,workflow...
2024-07-15 19:56:58.019 [info] Got 1 sessions for read:user,repo,user:email,workflow...
2024-07-15 20:11:00.128 [info] Getting sessions for read:user,repo,user:email,workflow...
2024-07-15 20:11:00.128 [info] Got 1 sessions for read:user,repo,user:email,workflow...
2024-07-15 20:11:00.178 [info] Getting sessions for read:user,repo,user:email,workflow...
2024-07-15 20:11:00.178 [info] Got 1 sessions for read:user,repo,user:email,workflow...
2024-07-15 20:11:00.178 [info] Getting sessions for read:user...
2024-07-15 20:11:00.178 [info] Got 0 sessions for read:user...
2024-07-15 20:11:00.178 [info] Getting sessions for user:email...
2024-07-15 20:11:00.178 [info] Got 0 sessions for user:email...
2024-07-15 20:11:00.699 [info] Getting sessions for read:user,repo,user:email,workflow...
2024-07-15 20:11:00.699 [info] Got 1 sessions for read:user,repo,user:email,workflow...
2024-07-15 20:11:00.699 [info] Getting sessions for read:user...
2024-07-15 20:11:00.699 [info] Got 0 sessions for read:user...
2024-07-15 20:11:00.700 [info] Getting sessions for user:email...
2024-07-15 20:11:00.700 [info] Got 0 sessions for user:email...
2024-07-15 20:12:29.985 [info] Getting sessions for read:user,repo,user:email,workflow...
2024-07-15 20:12:29.985 [info] Got 1 sessions for read:user,repo,user:email,workflow...
2024-07-15 20:16:19.484 [info] Getting sessions for read:user,repo,user:email,workflow...
2024-07-15 20:16:19.484 [info] Got 1 sessions for read:user,repo,user:email,workflow...
