2024-07-17 09:33:06.331 [info] Reading sessions from keychain...
2024-07-17 09:33:06.331 [info] Getting sessions for all scopes...
2024-07-17 09:33:06.332 [info] Getting sessions for read:user,repo,user:email,workflow...
2024-07-17 09:33:06.332 [info] Getting sessions for read:user,repo,user:email,workflow...
2024-07-17 09:33:06.332 [info] Getting sessions for read:user...
2024-07-17 09:33:06.332 [info] Getting sessions for user:email...
2024-07-17 09:33:06.356 [info] Got stored sessions!
2024-07-17 09:33:06.356 [info] Got 1 verified sessions.
2024-07-17 09:33:06.356 [info] Got 1 sessions for ...
2024-07-17 09:33:06.356 [info] Got 1 sessions for read:user,repo,user:email,workflow...
2024-07-17 09:33:06.356 [info] Got 1 sessions for read:user,repo,user:email,workflow...
2024-07-17 09:33:06.356 [info] Got 0 sessions for read:user...
2024-07-17 09:33:06.356 [info] Got 0 sessions for user:email...
2024-07-17 09:33:07.186 [info] Getting sessions for read:user,repo,user:email,workflow...
2024-07-17 09:33:07.186 [info] Got 1 sessions for read:user,repo,user:email,workflow...
2024-07-17 09:33:07.186 [info] Getting sessions for read:user...
2024-07-17 09:33:07.186 [info] Got 0 sessions for read:user...
2024-07-17 09:33:07.187 [info] Getting sessions for user:email...
2024-07-17 09:33:07.187 [info] Got 0 sessions for user:email...
2024-07-17 09:33:07.280 [info] Getting sessions for read:user,repo,user:email,workflow...
2024-07-17 09:33:07.280 [info] Got 1 sessions for read:user,repo,user:email,workflow...
2024-07-17 09:33:07.284 [info] Getting sessions for read:user...
2024-07-17 09:33:07.285 [info] Got 0 sessions for read:user...
2024-07-17 09:33:07.285 [info] Getting sessions for user:email...
2024-07-17 09:33:07.285 [info] Got 0 sessions for user:email...
2024-07-17 09:36:33.489 [info] Reading sessions from keychain...
2024-07-17 09:36:33.489 [info] Getting sessions for all scopes...
2024-07-17 09:36:33.489 [info] Got stored sessions!
2024-07-17 09:36:33.489 [info] Got 1 verified sessions.
2024-07-17 09:36:33.489 [info] Got 1 sessions for ...
2024-07-17 09:36:35.101 [info] Getting sessions for read:user,repo,user:email,workflow...
2024-07-17 09:36:35.102 [info] Got 1 sessions for read:user,repo,user:email,workflow...
2024-07-17 09:36:35.102 [info] Getting sessions for read:user,repo,user:email,workflow...
2024-07-17 09:36:35.102 [info] Got 1 sessions for read:user,repo,user:email,workflow...
2024-07-17 09:36:35.102 [info] Getting sessions for read:user...
2024-07-17 09:36:35.102 [info] Got 0 sessions for read:user...
2024-07-17 09:36:35.103 [info] Getting sessions for user:email...
2024-07-17 09:36:35.104 [info] Got 0 sessions for user:email...
2024-07-17 09:36:36.216 [info] Getting sessions for read:user,repo,user:email,workflow...
2024-07-17 09:36:36.216 [info] Got 1 sessions for read:user,repo,user:email,workflow...
2024-07-17 09:36:36.218 [info] Getting sessions for read:user...
2024-07-17 09:36:36.218 [info] Got 0 sessions for read:user...
2024-07-17 09:36:36.219 [info] Getting sessions for user:email...
2024-07-17 09:36:36.219 [info] Got 0 sessions for user:email...
2024-07-17 09:36:36.271 [info] Getting sessions for read:user,repo,user:email,workflow...
2024-07-17 09:36:36.271 [info] Got 1 sessions for read:user,repo,user:email,workflow...
2024-07-17 09:36:36.271 [info] Getting sessions for read:user...
2024-07-17 09:36:36.275 [info] Got 0 sessions for read:user...
2024-07-17 09:36:36.275 [info] Getting sessions for user:email...
2024-07-17 09:36:36.276 [info] Got 0 sessions for user:email...
2024-07-17 09:36:42.184 [info] Reading sessions from keychain...
2024-07-17 09:36:42.184 [info] Getting sessions for all scopes...
2024-07-17 09:36:42.184 [info] Got stored sessions!
2024-07-17 09:36:42.184 [info] Got 1 verified sessions.
2024-07-17 09:36:42.184 [info] Got 1 sessions for ...
2024-07-17 09:36:55.141 [info] Getting sessions for read:user,repo,user:email,workflow...
2024-07-17 09:36:55.142 [info] Got 1 sessions for read:user,repo,user:email,workflow...
2024-07-17 09:36:55.142 [info] Getting sessions for read:user...
2024-07-17 09:36:55.142 [info] Got 0 sessions for read:user...
2024-07-17 09:36:55.142 [info] Getting sessions for user:email...
2024-07-17 09:36:55.142 [info] Got 0 sessions for user:email...
2024-07-17 09:36:55.151 [info] Getting sessions for read:user,repo,user:email,workflow...
2024-07-17 09:36:55.151 [info] Got 1 sessions for read:user,repo,user:email,workflow...
2024-07-17 09:36:55.839 [info] Getting sessions for read:user,repo,user:email,workflow...
2024-07-17 09:36:55.840 [info] Got 1 sessions for read:user,repo,user:email,workflow...
2024-07-17 09:36:55.840 [info] Getting sessions for read:user...
2024-07-17 09:36:55.840 [info] Got 0 sessions for read:user...
2024-07-17 09:36:55.840 [info] Getting sessions for user:email...
2024-07-17 09:36:55.840 [info] Got 0 sessions for user:email...
2024-07-17 09:36:55.955 [info] Getting sessions for read:user,repo,user:email,workflow...
2024-07-17 09:36:55.955 [info] Got 1 sessions for read:user,repo,user:email,workflow...
2024-07-17 09:36:55.955 [info] Getting sessions for read:user...
2024-07-17 09:36:55.956 [info] Got 0 sessions for read:user...
2024-07-17 09:36:55.956 [info] Getting sessions for user:email...
2024-07-17 09:36:55.956 [info] Got 0 sessions for user:email...
2024-07-17 09:38:10.395 [info] Getting sessions for read:user,repo,user:email,workflow...
2024-07-17 09:38:10.395 [info] Got 1 sessions for read:user,repo,user:email,workflow...
2024-07-17 09:38:10.395 [info] Getting sessions for read:user...
2024-07-17 09:38:10.395 [info] Got 0 sessions for read:user...
2024-07-17 09:38:10.395 [info] Getting sessions for user:email...
2024-07-17 09:38:10.395 [info] Got 0 sessions for user:email...
2024-07-17 10:01:55.793 [info] Getting sessions for read:user,repo,user:email,workflow...
2024-07-17 10:01:55.794 [info] Got 1 sessions for read:user,repo,user:email,workflow...
2024-07-17 10:01:55.794 [info] Getting sessions for read:user...
2024-07-17 10:01:55.795 [info] Got 0 sessions for read:user...
2024-07-17 10:01:55.795 [info] Getting sessions for user:email...
2024-07-17 10:01:55.795 [info] Got 0 sessions for user:email...
2024-07-17 10:01:55.917 [info] Getting sessions for read:user,repo,user:email,workflow...
2024-07-17 10:01:55.917 [info] Got 1 sessions for read:user,repo,user:email,workflow...
2024-07-17 10:01:56.316 [info] Getting sessions for read:user,repo,user:email,workflow...
2024-07-17 10:01:56.316 [info] Got 1 sessions for read:user,repo,user:email,workflow...
2024-07-17 10:01:56.317 [info] Getting sessions for read:user...
2024-07-17 10:01:56.317 [info] Got 0 sessions for read:user...
2024-07-17 10:01:56.317 [info] Getting sessions for user:email...
2024-07-17 10:01:56.317 [info] Got 0 sessions for user:email...
2024-07-17 10:26:56.316 [info] Getting sessions for read:user,repo,user:email,workflow...
2024-07-17 10:26:56.316 [info] Got 1 sessions for read:user,repo,user:email,workflow...
2024-07-17 10:26:56.316 [info] Getting sessions for read:user...
2024-07-17 10:26:56.317 [info] Got 0 sessions for read:user...
2024-07-17 10:26:56.317 [info] Getting sessions for user:email...
2024-07-17 10:26:56.317 [info] Got 0 sessions for user:email...
2024-07-17 10:26:56.375 [info] Getting sessions for read:user,repo,user:email,workflow...
2024-07-17 10:26:56.375 [info] Got 1 sessions for read:user,repo,user:email,workflow...
2024-07-17 10:26:56.817 [info] Getting sessions for read:user,repo,user:email,workflow...
2024-07-17 10:26:56.817 [info] Got 1 sessions for read:user,repo,user:email,workflow...
2024-07-17 10:26:56.818 [info] Getting sessions for read:user...
2024-07-17 10:26:56.818 [info] Got 0 sessions for read:user...
2024-07-17 10:26:56.818 [info] Getting sessions for user:email...
2024-07-17 10:26:56.818 [info] Got 0 sessions for user:email...
2024-07-17 10:51:56.811 [info] Getting sessions for read:user,repo,user:email,workflow...
2024-07-17 10:51:56.822 [info] Got 1 sessions for read:user,repo,user:email,workflow...
2024-07-17 10:51:56.823 [info] Getting sessions for read:user...
2024-07-17 10:51:56.823 [info] Got 0 sessions for read:user...
2024-07-17 10:51:56.824 [info] Getting sessions for user:email...
2024-07-17 10:51:56.824 [info] Got 0 sessions for user:email...
2024-07-17 10:51:56.880 [info] Getting sessions for read:user,repo,user:email,workflow...
2024-07-17 10:51:56.880 [info] Got 1 sessions for read:user,repo,user:email,workflow...
2024-07-17 10:51:57.505 [info] Getting sessions for read:user,repo,user:email,workflow...
2024-07-17 10:51:57.505 [info] Got 1 sessions for read:user,repo,user:email,workflow...
2024-07-17 10:51:57.506 [info] Getting sessions for read:user...
2024-07-17 10:51:57.506 [info] Got 0 sessions for read:user...
2024-07-17 10:51:57.506 [info] Getting sessions for user:email...
2024-07-17 10:51:57.506 [info] Got 0 sessions for user:email...
2024-07-17 11:16:57.333 [info] Getting sessions for read:user,repo,user:email,workflow...
2024-07-17 11:16:57.333 [info] Got 1 sessions for read:user,repo,user:email,workflow...
2024-07-17 11:16:57.505 [info] Getting sessions for read:user,repo,user:email,workflow...
2024-07-17 11:16:57.505 [info] Got 1 sessions for read:user,repo,user:email,workflow...
2024-07-17 11:16:57.506 [info] Getting sessions for read:user...
2024-07-17 11:16:57.506 [info] Got 0 sessions for read:user...
2024-07-17 11:16:57.506 [info] Getting sessions for user:email...
2024-07-17 11:16:57.506 [info] Got 0 sessions for user:email...
2024-07-17 11:16:58.113 [info] Getting sessions for read:user,repo,user:email,workflow...
2024-07-17 11:16:58.113 [info] Got 1 sessions for read:user,repo,user:email,workflow...
2024-07-17 11:16:58.114 [info] Getting sessions for read:user...
2024-07-17 11:16:58.114 [info] Got 0 sessions for read:user...
2024-07-17 11:16:58.115 [info] Getting sessions for user:email...
2024-07-17 11:16:58.115 [info] Got 0 sessions for user:email...
