2024-07-15 23:57:33.948 [info] Reading sessions from keychain...
2024-07-15 23:57:33.948 [info] Getting sessions for all scopes...
2024-07-15 23:57:33.948 [info] Getting sessions for read:user,repo,user:email,workflow...
2024-07-15 23:57:33.948 [info] Getting sessions for read:user,repo,user:email,workflow...
2024-07-15 23:57:33.948 [info] Getting sessions for read:user,repo,user:email,workflow...
2024-07-15 23:57:33.949 [info] Getting sessions for read:user...
2024-07-15 23:57:33.949 [info] Getting sessions for user:email...
2024-07-15 23:57:33.999 [info] Got stored sessions!
2024-07-15 23:57:33.999 [info] Got 1 verified sessions.
2024-07-15 23:57:33.999 [info] Got 1 sessions for ...
2024-07-15 23:57:33.999 [info] Got 1 sessions for read:user,repo,user:email,workflow...
2024-07-15 23:57:33.999 [info] Got 1 sessions for read:user,repo,user:email,workflow...
2024-07-15 23:57:33.999 [info] Got 1 sessions for read:user,repo,user:email,workflow...
2024-07-15 23:57:33.999 [info] Got 0 sessions for read:user...
2024-07-15 23:57:33.999 [info] Got 0 sessions for user:email...
2024-07-15 23:57:34.660 [info] Getting sessions for read:user,repo,user:email,workflow...
2024-07-15 23:57:34.660 [info] Got 1 sessions for read:user,repo,user:email,workflow...
2024-07-15 23:57:34.922 [info] Getting sessions for read:user,repo,user:email,workflow...
2024-07-15 23:57:34.922 [info] Got 1 sessions for read:user,repo,user:email,workflow...
2024-07-15 23:57:34.922 [info] Getting sessions for read:user...
2024-07-15 23:57:34.922 [info] Got 0 sessions for read:user...
2024-07-15 23:57:34.923 [info] Getting sessions for user:email...
2024-07-15 23:57:34.923 [info] Got 0 sessions for user:email...
2024-07-15 23:57:34.941 [info] Getting sessions for read:user,repo,user:email,workflow...
2024-07-15 23:57:34.941 [info] Got 1 sessions for read:user,repo,user:email,workflow...
2024-07-15 23:57:34.942 [info] Getting sessions for read:user...
2024-07-15 23:57:34.942 [info] Got 0 sessions for read:user...
2024-07-15 23:57:34.942 [info] Getting sessions for user:email...
2024-07-15 23:57:34.942 [info] Got 0 sessions for user:email...
2024-07-16 00:03:54.456 [info] Getting sessions for read:user,repo,user:email,workflow...
2024-07-16 00:03:54.456 [info] Got 1 sessions for read:user,repo,user:email,workflow...
2024-07-16 00:05:37.935 [info] Getting sessions for read:user,repo,user:email,workflow...
2024-07-16 00:05:37.935 [info] Got 1 sessions for read:user,repo,user:email,workflow...
2024-07-16 00:06:58.729 [info] Getting sessions for read:user,repo,user:email,workflow...
2024-07-16 00:06:58.729 [info] Got 1 sessions for read:user,repo,user:email,workflow...
2024-07-16 00:18:42.548 [info] Getting sessions for read:user,repo,user:email,workflow...
2024-07-16 00:18:42.548 [info] Got 1 sessions for read:user,repo,user:email,workflow...
